  [1m[35m (33.5ms)[0m  [1m[34mSELECT sqlite_version(*)[0m
  [1m[35m (1035.4ms)[0m  [1m[35mCREATE TABLE "schema_migrations" ("version" varchar NOT NULL PRIMARY KEY)[0m
  [1m[35m (1061.2ms)[0m  [1m[35mCREATE TABLE "ar_internal_metadata" ("key" varchar NOT NULL PRIMARY KEY, "value" varchar, "created_at" datetime(6) NOT NULL, "updated_at" datetime(6) NOT NULL)[0m
  [1m[35m (0.4ms)[0m  [1m[34mSELECT "schema_migrations"."version" FROM "schema_migrations" ORDER BY "schema_migrations"."version" ASC[0m
Migrating to CreateUsers (20210322115112)
  [1m[36mTRANSACTION (0.4ms)[0m  [1m[36mbegin transaction[0m
  [1m[35m (0.6ms)[0m  [1m[35mCREATE TABLE "users" ("id" integer PRIMARY KEY AUTOINCREMENT NOT NULL, "name" varchar, "email" varchar, "password_digest" varchar, "created_at" datetime(6) NOT NULL, "updated_at" datetime(6) NOT NULL)[0m
  [1m[36mActiveRecord::SchemaMigration Create (0.6ms)[0m  [1m[32mINSERT INTO "schema_migrations" ("version") VALUES (?)[0m  [["version", "20210322115112"]]
  [1m[36mTRANSACTION (522.3ms)[0m  [1m[36mcommit transaction[0m
  [1m[36mActiveRecord::InternalMetadata Load (0.3ms)[0m  [1m[34mSELECT "ar_internal_metadata".* FROM "ar_internal_metadata" WHERE "ar_internal_metadata"."key" = ? LIMIT ?[0m  [["key", "environment"], ["LIMIT", 1]]
  [1m[36mTRANSACTION (0.1ms)[0m  [1m[36mbegin transaction[0m
  [1m[36mActiveRecord::InternalMetadata Create (0.3ms)[0m  [1m[32mINSERT INTO "ar_internal_metadata" ("key", "value", "created_at", "updated_at") VALUES (?, ?, ?, ?)[0m  [["key", "environment"], ["value", "development"], ["created_at", "2021-03-22 11:51:43.841550"], ["updated_at", "2021-03-22 11:51:43.841550"]]
  [1m[36mTRANSACTION (101.1ms)[0m  [1m[36mcommit transaction[0m
  [1m[35m (0.1ms)[0m  [1m[34mSELECT sqlite_version(*)[0m
  [1m[35m (0.2ms)[0m  [1m[34mSELECT "schema_migrations"."version" FROM "schema_migrations" ORDER BY "schema_migrations"."version" ASC[0m
Started POST "/auth/register" for ::1 at 2021-03-22 07:11:48 -0500
  [1m[35m (32.1ms)[0m  [1m[34mSELECT sqlite_version(*)[0m
  [1m[35m (0.4ms)[0m  [1m[34mSELECT "schema_migrations"."version" FROM "schema_migrations" ORDER BY "schema_migrations"."version" ASC[0m
Processing by UsersController#register as */*
  Parameters: {"name"=>"James Jaz", "email"=>"jamezjaz@gmail.com", "password"=>"[FILTERED]"}
  [1m[36mTRANSACTION (0.2ms)[0m  [1m[36mbegin transaction[0m
  ↳ app/controllers/users_controller.rb:4:in `register'
  [1m[36mUser Exists? (14.0ms)[0m  [1m[34mSELECT 1 AS one FROM "users" WHERE "users"."email" = ? LIMIT ?[0m  [["email", "jamezjaz@gmail.com"], ["LIMIT", 1]]
  ↳ app/controllers/users_controller.rb:4:in `register'
  [1m[36mUser Create (1.3ms)[0m  [1m[32mINSERT INTO "users" ("name", "email", "password_digest", "created_at", "updated_at") VALUES (?, ?, ?, ?, ?)[0m  [["name", "James Jaz"], ["email", "jamezjaz@gmail.com"], ["password_digest", "$2a$12$E2Ntfq8pkFfAMAwgH.e4G.91UUdxAxiYMk7u2rlFwIvwLMvjFZWkO"], ["created_at", "2021-03-22 12:11:51.291933"], ["updated_at", "2021-03-22 12:11:51.291933"]]
  ↳ app/controllers/users_controller.rb:4:in `register'
  [1m[36mTRANSACTION (163.3ms)[0m  [1m[36mcommit transaction[0m
  ↳ app/controllers/users_controller.rb:4:in `register'
  [1m[36mTRANSACTION (0.1ms)[0m  [1m[36mbegin transaction[0m
  ↳ app/controllers/users_controller.rb:5:in `register'
  [1m[36mUser Exists? (0.4ms)[0m  [1m[34mSELECT 1 AS one FROM "users" WHERE "users"."email" = ? AND "users"."id" != ? LIMIT ?[0m  [["email", "jamezjaz@gmail.com"], ["id", 1], ["LIMIT", 1]]
  ↳ app/controllers/users_controller.rb:5:in `register'
  [1m[36mTRANSACTION (0.2ms)[0m  [1m[36mcommit transaction[0m
  ↳ app/controllers/users_controller.rb:5:in `register'
Completed 201 Created in 986ms (Views: 0.5ms | ActiveRecord: 180.2ms | Allocations: 15209)


Started POST "/auth/login?email=jamezjaz@gmail.com&password=[FILTERED]" for ::1 at 2021-03-22 08:04:09 -0500
  [1m[35m (19.4ms)[0m  [1m[34mSELECT sqlite_version(*)[0m
  [1m[35m (0.4ms)[0m  [1m[34mSELECT "schema_migrations"."version" FROM "schema_migrations" ORDER BY "schema_migrations"."version" ASC[0m
Processing by UsersController#login as */*
  Parameters: {"email"=>"jamezjaz@gmail.com", "password"=>"[FILTERED]"}
  [1m[36mUser Load (17.4ms)[0m  [1m[34mSELECT "users".* FROM "users" WHERE "users"."email" = ? LIMIT ?[0m  [["email", "jamezjaz@gmail.com"], ["LIMIT", 1]]
  ↳ app/auth/authenticate_user.rb:19:in `user'
  [1m[36mCACHE User Load (0.1ms)[0m  [1m[34mSELECT "users".* FROM "users" WHERE "users"."email" = ? LIMIT ?[0m  [["email", "jamezjaz@gmail.com"], ["LIMIT", 1]]
  ↳ app/auth/authenticate_user.rb:19:in `user'
Completed 200 OK in 736ms (Views: 0.2ms | ActiveRecord: 19.4ms | Allocations: 8922)


Started GET "/auth/test" for ::1 at 2021-03-22 08:07:57 -0500
  
ActionController::RoutingError (No route matches [GET] "/auth/test"):
  
Started GET "/test" for ::1 at 2021-03-22 08:08:32 -0500
Processing by UsersController#test as */*
  [1m[36mUser Load (102.9ms)[0m  [1m[34mSELECT "users".* FROM "users" WHERE "users"."id" = ? LIMIT ?[0m  [["id", 1], ["LIMIT", 1]]
  ↳ app/auth/authorize_api_request.rb:17:in `user'
Completed 200 OK in 1724ms (Views: 0.4ms | ActiveRecord: 102.9ms | Allocations: 2246)


  [1m[35m (2054.4ms)[0m  [1m[35mCREATE DATABASE "air_tickets_api_development" ENCODING = 'unicode'[0m
  [1m[35m (1891.8ms)[0m  [1m[35mCREATE DATABASE "air_tickets_api_test" ENCODING = 'unicode'[0m
  [1m[35m (359.9ms)[0m  [1m[35mCREATE TABLE "schema_migrations" ("version" character varying NOT NULL PRIMARY KEY)[0m
  [1m[35m (92.6ms)[0m  [1m[35mCREATE TABLE "ar_internal_metadata" ("key" character varying NOT NULL PRIMARY KEY, "value" character varying, "created_at" timestamp(6) NOT NULL, "updated_at" timestamp(6) NOT NULL)[0m
  [1m[35m (28.3ms)[0m  [1m[34mSELECT pg_try_advisory_lock(5461111228273612905)[0m
  [1m[35m (1.6ms)[0m  [1m[34mSELECT "schema_migrations"."version" FROM "schema_migrations" ORDER BY "schema_migrations"."version" ASC[0m
Migrating to CreateUsers (20210322115112)
  [1m[36mTRANSACTION (0.4ms)[0m  [1m[35mBEGIN[0m
  [1m[35m (145.8ms)[0m  [1m[35mCREATE TABLE "users" ("id" bigserial primary key, "name" character varying, "email" character varying, "password_digest" character varying, "created_at" timestamp(6) NOT NULL, "updated_at" timestamp(6) NOT NULL)[0m
  [1m[36mActiveRecord::SchemaMigration Create (0.8ms)[0m  [1m[32mINSERT INTO "schema_migrations" ("version") VALUES ($1) RETURNING "version"[0m  [["version", "20210322115112"]]
  [1m[36mTRANSACTION (28.9ms)[0m  [1m[35mCOMMIT[0m
  [1m[36mActiveRecord::InternalMetadata Load (0.7ms)[0m  [1m[34mSELECT "ar_internal_metadata".* FROM "ar_internal_metadata" WHERE "ar_internal_metadata"."key" = $1 LIMIT $2[0m  [["key", "environment"], ["LIMIT", 1]]
  [1m[36mTRANSACTION (0.3ms)[0m  [1m[35mBEGIN[0m
  [1m[36mActiveRecord::InternalMetadata Create (1.4ms)[0m  [1m[32mINSERT INTO "ar_internal_metadata" ("key", "value", "created_at", "updated_at") VALUES ($1, $2, $3, $4) RETURNING "key"[0m  [["key", "environment"], ["value", "development"], ["created_at", "2021-03-22 13:32:30.182009"], ["updated_at", "2021-03-22 13:32:30.182009"]]
  [1m[36mTRANSACTION (20.0ms)[0m  [1m[35mCOMMIT[0m
  [1m[35m (0.8ms)[0m  [1m[34mSELECT pg_advisory_unlock(5461111228273612905)[0m
  [1m[35m (1.9ms)[0m  [1m[34mSELECT "schema_migrations"."version" FROM "schema_migrations" ORDER BY "schema_migrations"."version" ASC[0m
  [1m[36mUser Load (0.6ms)[0m  [1m[34mSELECT "users".* FROM "users" /* loading for inspect */ LIMIT $1[0m  [["LIMIT", 11]]
  [1m[36mTRANSACTION (0.2ms)[0m  [1m[35mBEGIN[0m
  [1m[36mUser Exists? (0.9ms)[0m  [1m[34mSELECT 1 AS one FROM "users" WHERE "users"."email" = $1 LIMIT $2[0m  [["email", "kizitomobile@ng.com"], ["LIMIT", 1]]
  [1m[36mUser Create (17.3ms)[0m  [1m[32mINSERT INTO "users" ("name", "email", "password_digest", "created_at", "updated_at") VALUES ($1, $2, $3, $4, $5) RETURNING "id"[0m  [["name", "Kizito Odufu"], ["email", "kizitomobile@ng.com"], ["password_digest", "$2a$12$pxhlPKT9F6jRqwz3nsZ1S.sZE4puMsHr7GuAMMzY7tcCb/Zo1sNxa"], ["created_at", "2021-03-22 13:38:02.969794"], ["updated_at", "2021-03-22 13:38:02.969794"]]
  [1m[36mTRANSACTION (29.0ms)[0m  [1m[35mCOMMIT[0m
  [1m[36mUser Load (0.6ms)[0m  [1m[34mSELECT "users".* FROM "users" /* loading for inspect */ LIMIT $1[0m  [["LIMIT", 11]]
  [1m[36mTRANSACTION (0.4ms)[0m  [1m[35mBEGIN[0m
  [1m[36mUser Exists? (0.9ms)[0m  [1m[34mSELECT 1 AS one FROM "users" WHERE "users"."email" = $1 LIMIT $2[0m  [["email", "jamezjaz@gmail.com"], ["LIMIT", 1]]
  [1m[36mUser Create (1.0ms)[0m  [1m[32mINSERT INTO "users" ("name", "email", "password_digest", "created_at", "updated_at") VALUES ($1, $2, $3, $4, $5) RETURNING "id"[0m  [["name", "Jamez Jaz"], ["email", "jamezjaz@gmail.com"], ["password_digest", "$2a$12$mKPgX00/v.KZPuRgEVMe3OksAcVRrD9.0q.mVwwQQrHkaJjIAFgdO"], ["created_at", "2021-03-22 13:38:43.759995"], ["updated_at", "2021-03-22 13:38:43.759995"]]
  [1m[36mTRANSACTION (15.7ms)[0m  [1m[35mCOMMIT[0m
  [1m[36mUser Load (0.7ms)[0m  [1m[34mSELECT "users".* FROM "users" /* loading for inspect */ LIMIT $1[0m  [["LIMIT", 11]]
  [1m[36mUser Load (0.7ms)[0m  [1m[34mSELECT "users".* FROM "users"[0m
Started GET "/airlines" for ::1 at 2021-03-22 09:29:13 -0500
  [1m[35m (75.7ms)[0m  [1m[34mSELECT "schema_migrations"."version" FROM "schema_migrations" ORDER BY "schema_migrations"."version" ASC[0m
  
ActionController::RoutingError (No route matches [GET] "/airlines"):
  
Started GET "/airlines" for ::1 at 2021-03-22 09:29:22 -0500
  
ActionController::RoutingError (No route matches [GET] "/airlines"):
  
Started GET "/airlines" for ::1 at 2021-03-22 09:29:22 -0500
  
ActionController::RoutingError (No route matches [GET] "/airlines"):
  
Started GET "/airlines" for ::1 at 2021-03-22 09:29:22 -0500
  
ActionController::RoutingError (No route matches [GET] "/airlines"):
  
Started GET "/airlines" for ::1 at 2021-03-22 09:29:22 -0500
  
ActionController::RoutingError (No route matches [GET] "/airlines"):
  
Started GET "/airlines" for ::1 at 2021-03-22 09:29:22 -0500
  
ActionController::RoutingError (No route matches [GET] "/airlines"):
  
Started GET "/airlines" for ::1 at 2021-03-22 09:29:22 -0500
  
ActionController::RoutingError (No route matches [GET] "/airlines"):
  
Started GET "/airlines" for ::1 at 2021-03-22 09:29:22 -0500
  
ActionController::RoutingError (No route matches [GET] "/airlines"):
  
Started GET "/airlines" for ::1 at 2021-03-22 09:29:22 -0500
  
ActionController::RoutingError (No route matches [GET] "/airlines"):
  
Started GET "/airlines" for ::1 at 2021-03-22 09:29:22 -0500
  
ActionController::RoutingError (No route matches [GET] "/airlines"):
  
Started GET "/airlines" for ::1 at 2021-03-22 09:29:22 -0500
  
ActionController::RoutingError (No route matches [GET] "/airlines"):
  
Started GET "/airlines" for ::1 at 2021-03-22 09:29:22 -0500
  
ActionController::RoutingError (No route matches [GET] "/airlines"):
  
Started GET "/airlines" for ::1 at 2021-03-22 09:29:23 -0500
  
ActionController::RoutingError (No route matches [GET] "/airlines"):
  
Started GET "/airlines" for ::1 at 2021-03-22 09:29:23 -0500
  
ActionController::RoutingError (No route matches [GET] "/airlines"):
  
Started GET "/airlines" for ::1 at 2021-03-22 09:29:23 -0500
  
ActionController::RoutingError (No route matches [GET] "/airlines"):
  
Started GET "/airlines" for ::1 at 2021-03-22 09:29:23 -0500
  
ActionController::RoutingError (No route matches [GET] "/airlines"):
  
Started GET "/airlines" for ::1 at 2021-03-22 09:29:23 -0500
  
ActionController::RoutingError (No route matches [GET] "/airlines"):
  
Started GET "/airlines" for ::1 at 2021-03-22 09:29:23 -0500
  
ActionController::RoutingError (No route matches [GET] "/airlines"):
  
Started GET "/airlines" for ::1 at 2021-03-22 09:29:23 -0500
  
ActionController::RoutingError (No route matches [GET] "/airlines"):
  
Started GET "/airlines" for ::1 at 2021-03-22 09:29:23 -0500
  
ActionController::RoutingError (No route matches [GET] "/airlines"):
  
Started GET "/airlines" for ::1 at 2021-03-22 09:29:23 -0500
  
ActionController::RoutingError (No route matches [GET] "/airlines"):
  
Started GET "/airlines" for ::1 at 2021-03-22 09:29:23 -0500
  
ActionController::RoutingError (No route matches [GET] "/airlines"):
  
Started GET "/airlines" for ::1 at 2021-03-22 09:29:23 -0500
  
ActionController::RoutingError (No route matches [GET] "/airlines"):
  
Started GET "/airlines" for ::1 at 2021-03-22 09:29:23 -0500
  
ActionController::RoutingError (No route matches [GET] "/airlines"):
  
Started GET "/airlines" for ::1 at 2021-03-22 09:29:23 -0500
  
ActionController::RoutingError (No route matches [GET] "/airlines"):
  
Started GET "/airlines" for ::1 at 2021-03-22 09:29:23 -0500
  
ActionController::RoutingError (No route matches [GET] "/airlines"):
  
Started GET "/airlines" for ::1 at 2021-03-22 09:29:23 -0500
  
ActionController::RoutingError (No route matches [GET] "/airlines"):
  
Started GET "/airlines" for ::1 at 2021-03-22 09:29:24 -0500
  
ActionController::RoutingError (No route matches [GET] "/airlines"):
  
Started GET "/airlines" for ::1 at 2021-03-22 09:29:24 -0500
  
ActionController::RoutingError (No route matches [GET] "/airlines"):
  
Started GET "/airlines" for ::1 at 2021-03-22 09:29:24 -0500
  
ActionController::RoutingError (No route matches [GET] "/airlines"):
  
Started GET "/airlines" for ::1 at 2021-03-22 09:29:24 -0500
  
ActionController::RoutingError (No route matches [GET] "/airlines"):
  
Started GET "/airlines" for ::1 at 2021-03-22 09:29:24 -0500
  
ActionController::RoutingError (No route matches [GET] "/airlines"):
  
Started GET "/airlines" for ::1 at 2021-03-22 09:29:24 -0500
  
ActionController::RoutingError (No route matches [GET] "/airlines"):
  
Started GET "/airlines" for ::1 at 2021-03-22 09:29:24 -0500
  
ActionController::RoutingError (No route matches [GET] "/airlines"):
  
Started GET "/airlines" for ::1 at 2021-03-22 09:29:24 -0500
  
ActionController::RoutingError (No route matches [GET] "/airlines"):
  
Started GET "/airlines" for ::1 at 2021-03-22 09:29:24 -0500
  
ActionController::RoutingError (No route matches [GET] "/airlines"):
  
Started GET "/airlines" for ::1 at 2021-03-22 09:29:24 -0500
  
ActionController::RoutingError (No route matches [GET] "/airlines"):
  
Started GET "/airlines" for ::1 at 2021-03-22 09:29:24 -0500
  
ActionController::RoutingError (No route matches [GET] "/airlines"):
  
Started GET "/airlines" for ::1 at 2021-03-22 09:29:24 -0500
  
ActionController::RoutingError (No route matches [GET] "/airlines"):
  
Started GET "/airlines" for ::1 at 2021-03-22 09:29:24 -0500
  
ActionController::RoutingError (No route matches [GET] "/airlines"):
  
Started GET "/airlines" for ::1 at 2021-03-22 09:29:24 -0500
  
ActionController::RoutingError (No route matches [GET] "/airlines"):
  
Started GET "/airlines" for ::1 at 2021-03-22 09:29:24 -0500
  
ActionController::RoutingError (No route matches [GET] "/airlines"):
  
Started GET "/airlines" for ::1 at 2021-03-22 09:29:25 -0500
  
ActionController::RoutingError (No route matches [GET] "/airlines"):
  
Started GET "/airlines" for ::1 at 2021-03-22 09:29:25 -0500
  
ActionController::RoutingError (No route matches [GET] "/airlines"):
  
Started GET "/airlines" for ::1 at 2021-03-22 09:29:25 -0500
  
ActionController::RoutingError (No route matches [GET] "/airlines"):
  
Started GET "/airlines" for ::1 at 2021-03-22 09:29:25 -0500
  
ActionController::RoutingError (No route matches [GET] "/airlines"):
  
Started GET "/airlines" for ::1 at 2021-03-22 09:29:25 -0500
  
ActionController::RoutingError (No route matches [GET] "/airlines"):
  
Started GET "/airlines" for ::1 at 2021-03-22 09:29:25 -0500
  
ActionController::RoutingError (No route matches [GET] "/airlines"):
  
Started GET "/airlines" for ::1 at 2021-03-22 09:29:25 -0500
  
ActionController::RoutingError (No route matches [GET] "/airlines"):
  
Started GET "/airlines" for ::1 at 2021-03-22 09:29:25 -0500
  
ActionController::RoutingError (No route matches [GET] "/airlines"):
  
Started GET "/airlines" for ::1 at 2021-03-22 09:29:25 -0500
  
ActionController::RoutingError (No route matches [GET] "/airlines"):
  
Started GET "/airlines" for ::1 at 2021-03-22 09:29:25 -0500
  
ActionController::RoutingError (No route matches [GET] "/airlines"):
  
Started GET "/airlines" for ::1 at 2021-03-22 09:29:25 -0500
  
ActionController::RoutingError (No route matches [GET] "/airlines"):
  
Started GET "/airlines" for ::1 at 2021-03-22 09:29:25 -0500
  
ActionController::RoutingError (No route matches [GET] "/airlines"):
  
Started GET "/airlines" for ::1 at 2021-03-22 09:29:26 -0500
  
ActionController::RoutingError (No route matches [GET] "/airlines"):
  
Started GET "/airlines" for ::1 at 2021-03-22 09:29:26 -0500
  
ActionController::RoutingError (No route matches [GET] "/airlines"):
  
Started GET "/airlines" for ::1 at 2021-03-22 09:29:26 -0500
  
ActionController::RoutingError (No route matches [GET] "/airlines"):
  
Started GET "/airlines" for ::1 at 2021-03-22 09:29:26 -0500
  
ActionController::RoutingError (No route matches [GET] "/airlines"):
  
Started GET "/airlines" for ::1 at 2021-03-22 09:29:26 -0500
  
ActionController::RoutingError (No route matches [GET] "/airlines"):
  
Started GET "/airlines" for ::1 at 2021-03-22 09:29:26 -0500
  
ActionController::RoutingError (No route matches [GET] "/airlines"):
  
Started GET "/airlines" for ::1 at 2021-03-22 09:29:26 -0500
  
ActionController::RoutingError (No route matches [GET] "/airlines"):
  
Started GET "/airlines" for ::1 at 2021-03-22 09:29:26 -0500
  
ActionController::RoutingError (No route matches [GET] "/airlines"):
  
Started GET "/airlines" for ::1 at 2021-03-22 09:29:26 -0500
  
ActionController::RoutingError (No route matches [GET] "/airlines"):
  
Started GET "/airlines" for ::1 at 2021-03-22 09:29:26 -0500
  
ActionController::RoutingError (No route matches [GET] "/airlines"):
  
Started GET "/airlines" for ::1 at 2021-03-22 09:29:26 -0500
  
ActionController::RoutingError (No route matches [GET] "/airlines"):
  
Started GET "/airlines" for ::1 at 2021-03-22 09:29:26 -0500
  
ActionController::RoutingError (No route matches [GET] "/airlines"):
  
Started GET "/airlines" for ::1 at 2021-03-22 09:29:26 -0500
  
ActionController::RoutingError (No route matches [GET] "/airlines"):
  
Started GET "/airlines" for ::1 at 2021-03-22 09:29:26 -0500
  
ActionController::RoutingError (No route matches [GET] "/airlines"):
  
Started GET "/airlines" for ::1 at 2021-03-22 09:29:27 -0500
  
ActionController::RoutingError (No route matches [GET] "/airlines"):
  
Started GET "/airlines" for ::1 at 2021-03-22 09:29:27 -0500
  
ActionController::RoutingError (No route matches [GET] "/airlines"):
  
Started GET "/airlines" for ::1 at 2021-03-22 09:29:28 -0500
  
ActionController::RoutingError (No route matches [GET] "/airlines"):
  
Started GET "/airlines" for ::1 at 2021-03-22 09:29:28 -0500
  
ActionController::RoutingError (No route matches [GET] "/airlines"):
  
Started GET "/airlines" for ::1 at 2021-03-22 09:29:28 -0500
  
ActionController::RoutingError (No route matches [GET] "/airlines"):
  
Started GET "/airlines" for ::1 at 2021-03-22 09:29:28 -0500
  
ActionController::RoutingError (No route matches [GET] "/airlines"):
  
Started GET "/airlines" for ::1 at 2021-03-22 09:29:28 -0500
  
ActionController::RoutingError (No route matches [GET] "/airlines"):
  
Started GET "/airlines" for ::1 at 2021-03-22 09:29:28 -0500
  
ActionController::RoutingError (No route matches [GET] "/airlines"):
  
Started GET "/airlines" for ::1 at 2021-03-22 09:29:28 -0500
  
ActionController::RoutingError (No route matches [GET] "/airlines"):
  
Started GET "/airlines" for ::1 at 2021-03-22 09:29:28 -0500
  
ActionController::RoutingError (No route matches [GET] "/airlines"):
  
Started GET "/airlines" for ::1 at 2021-03-22 09:29:28 -0500
  
ActionController::RoutingError (No route matches [GET] "/airlines"):
  
Started GET "/airlines" for ::1 at 2021-03-22 09:29:29 -0500
  
ActionController::RoutingError (No route matches [GET] "/airlines"):
  
Started GET "/airlines" for ::1 at 2021-03-22 09:29:29 -0500
  
ActionController::RoutingError (No route matches [GET] "/airlines"):
  
Started GET "/airlines" for ::1 at 2021-03-22 09:29:29 -0500
  
ActionController::RoutingError (No route matches [GET] "/airlines"):
  
Started GET "/airlines" for ::1 at 2021-03-22 09:29:29 -0500
  
ActionController::RoutingError (No route matches [GET] "/airlines"):
  
Started GET "/airlines" for ::1 at 2021-03-22 09:29:29 -0500
  
ActionController::RoutingError (No route matches [GET] "/airlines"):
  
Started GET "/airlines" for ::1 at 2021-03-22 09:29:29 -0500
  
ActionController::RoutingError (No route matches [GET] "/airlines"):
  
Started GET "/airlines" for ::1 at 2021-03-22 09:29:29 -0500
  
ActionController::RoutingError (No route matches [GET] "/airlines"):
  
Started GET "/airlines" for ::1 at 2021-03-22 09:29:29 -0500
  
ActionController::RoutingError (No route matches [GET] "/airlines"):
  
Started GET "/airlines" for ::1 at 2021-03-22 09:29:29 -0500
  
ActionController::RoutingError (No route matches [GET] "/airlines"):
  
Started GET "/airlines" for ::1 at 2021-03-22 09:29:29 -0500
  
ActionController::RoutingError (No route matches [GET] "/airlines"):
  
Started GET "/airlines" for ::1 at 2021-03-22 09:29:29 -0500
  
ActionController::RoutingError (No route matches [GET] "/airlines"):
  
Started GET "/airlines" for ::1 at 2021-03-22 09:29:29 -0500
  
ActionController::RoutingError (No route matches [GET] "/airlines"):
  
Started GET "/airlines" for ::1 at 2021-03-22 09:29:29 -0500
  
ActionController::RoutingError (No route matches [GET] "/airlines"):
  
Started GET "/airlines" for ::1 at 2021-03-22 09:29:30 -0500
  
ActionController::RoutingError (No route matches [GET] "/airlines"):
  
Started GET "/airlines" for ::1 at 2021-03-22 09:29:30 -0500
  
ActionController::RoutingError (No route matches [GET] "/airlines"):
  
Started GET "/airlines" for ::1 at 2021-03-22 09:29:30 -0500
  
ActionController::RoutingError (No route matches [GET] "/airlines"):
  
Started GET "/airlines" for ::1 at 2021-03-22 09:29:30 -0500
  
ActionController::RoutingError (No route matches [GET] "/airlines"):
  
Started GET "/airlines" for ::1 at 2021-03-22 09:29:33 -0500
  
ActionController::RoutingError (No route matches [GET] "/airlines"):
  
Started GET "/airlines" for ::1 at 2021-03-22 09:29:35 -0500
  
ActionController::RoutingError (No route matches [GET] "/airlines"):
  
Started GET "/airlines" for ::1 at 2021-03-22 09:29:35 -0500
  
ActionController::RoutingError (No route matches [GET] "/airlines"):
  
Started GET "/airlines" for ::1 at 2021-03-22 09:29:35 -0500
  
ActionController::RoutingError (No route matches [GET] "/airlines"):
  
Started GET "/airlines" for ::1 at 2021-03-22 09:29:35 -0500
  
ActionController::RoutingError (No route matches [GET] "/airlines"):
  
Started GET "/airlines" for ::1 at 2021-03-22 09:29:35 -0500
  
ActionController::RoutingError (No route matches [GET] "/airlines"):
  
Started GET "/airlines" for ::1 at 2021-03-22 09:29:35 -0500
  
ActionController::RoutingError (No route matches [GET] "/airlines"):
  
Started GET "/airlines" for ::1 at 2021-03-22 09:29:35 -0500
  
ActionController::RoutingError (No route matches [GET] "/airlines"):
  
Started GET "/airlines" for ::1 at 2021-03-22 09:29:35 -0500
  
ActionController::RoutingError (No route matches [GET] "/airlines"):
  
Started GET "/airlines" for ::1 at 2021-03-22 09:29:35 -0500
  
ActionController::RoutingError (No route matches [GET] "/airlines"):
  
Started GET "/airlines" for ::1 at 2021-03-22 09:29:35 -0500
  
ActionController::RoutingError (No route matches [GET] "/airlines"):
  
Started GET "/airlines" for ::1 at 2021-03-22 09:29:35 -0500
  
ActionController::RoutingError (No route matches [GET] "/airlines"):
  
Started GET "/airlines" for ::1 at 2021-03-22 09:29:35 -0500
  
ActionController::RoutingError (No route matches [GET] "/airlines"):
  
Started GET "/airlines" for ::1 at 2021-03-22 09:29:35 -0500
  
ActionController::RoutingError (No route matches [GET] "/airlines"):
  
Started GET "/airlines" for ::1 at 2021-03-22 09:29:35 -0500
  
ActionController::RoutingError (No route matches [GET] "/airlines"):
  
Started GET "/airlines" for ::1 at 2021-03-22 09:29:35 -0500
  
ActionController::RoutingError (No route matches [GET] "/airlines"):
  
Started GET "/airlines" for ::1 at 2021-03-22 09:29:35 -0500
  
ActionController::RoutingError (No route matches [GET] "/airlines"):
  
Started GET "/airlines" for ::1 at 2021-03-22 09:29:36 -0500
  
ActionController::RoutingError (No route matches [GET] "/airlines"):
  
Started GET "/airlines" for ::1 at 2021-03-22 09:29:36 -0500
  
ActionController::RoutingError (No route matches [GET] "/airlines"):
  
Started GET "/airlines" for ::1 at 2021-03-22 09:29:36 -0500
  
ActionController::RoutingError (No route matches [GET] "/airlines"):
  
Started GET "/airlines" for ::1 at 2021-03-22 09:29:36 -0500
  
ActionController::RoutingError (No route matches [GET] "/airlines"):
  
Started GET "/airlines" for ::1 at 2021-03-22 09:29:36 -0500
  
ActionController::RoutingError (No route matches [GET] "/airlines"):
  
Started GET "/airlines" for ::1 at 2021-03-22 09:29:36 -0500
  
ActionController::RoutingError (No route matches [GET] "/airlines"):
  
Started GET "/airlines" for ::1 at 2021-03-22 09:29:36 -0500
  
ActionController::RoutingError (No route matches [GET] "/airlines"):
  
Started GET "/airlines" for ::1 at 2021-03-22 09:29:36 -0500
  
ActionController::RoutingError (No route matches [GET] "/airlines"):
  
Started GET "/airlines" for ::1 at 2021-03-22 09:29:36 -0500
  
ActionController::RoutingError (No route matches [GET] "/airlines"):
  
Started GET "/airlines" for ::1 at 2021-03-22 09:29:36 -0500
  
ActionController::RoutingError (No route matches [GET] "/airlines"):
  
Started GET "/airlines" for ::1 at 2021-03-22 09:29:36 -0500
  
ActionController::RoutingError (No route matches [GET] "/airlines"):
  
Started GET "/airlines" for ::1 at 2021-03-22 09:29:36 -0500
  
ActionController::RoutingError (No route matches [GET] "/airlines"):
  
Started GET "/airlines" for ::1 at 2021-03-22 09:29:36 -0500
  
ActionController::RoutingError (No route matches [GET] "/airlines"):
  
Started GET "/airlines" for ::1 at 2021-03-22 09:29:36 -0500
  
ActionController::RoutingError (No route matches [GET] "/airlines"):
  
Started GET "/airlines" for ::1 at 2021-03-22 09:29:37 -0500
  
ActionController::RoutingError (No route matches [GET] "/airlines"):
  
Started GET "/airlines" for ::1 at 2021-03-22 09:29:37 -0500
  
ActionController::RoutingError (No route matches [GET] "/airlines"):
  
Started GET "/airlines" for ::1 at 2021-03-22 09:29:37 -0500
  
ActionController::RoutingError (No route matches [GET] "/airlines"):
  
Started GET "/airlines" for ::1 at 2021-03-22 09:29:37 -0500
  
ActionController::RoutingError (No route matches [GET] "/airlines"):
  
Started GET "/airlines" for ::1 at 2021-03-22 09:29:37 -0500
  
ActionController::RoutingError (No route matches [GET] "/airlines"):
  
Started GET "/airlines" for ::1 at 2021-03-22 09:29:37 -0500
  
ActionController::RoutingError (No route matches [GET] "/airlines"):
  
Started GET "/airlines" for ::1 at 2021-03-22 09:29:37 -0500
  
ActionController::RoutingError (No route matches [GET] "/airlines"):
  
Started GET "/airlines" for ::1 at 2021-03-22 09:29:37 -0500
  
ActionController::RoutingError (No route matches [GET] "/airlines"):
  
Started GET "/airlines" for ::1 at 2021-03-22 09:29:37 -0500
  
ActionController::RoutingError (No route matches [GET] "/airlines"):
  
Started GET "/airlines" for ::1 at 2021-03-22 09:29:38 -0500
  
ActionController::RoutingError (No route matches [GET] "/airlines"):
  
Started GET "/airlines" for ::1 at 2021-03-22 09:29:38 -0500
  
ActionController::RoutingError (No route matches [GET] "/airlines"):
  
Started GET "/airlines" for ::1 at 2021-03-22 09:29:38 -0500
  
ActionController::RoutingError (No route matches [GET] "/airlines"):
  
Started GET "/airlines" for ::1 at 2021-03-22 09:29:38 -0500
  
ActionController::RoutingError (No route matches [GET] "/airlines"):
  
Started GET "/login" for ::1 at 2021-03-22 09:41:24 -0500
  [1m[35m (77.0ms)[0m  [1m[34mSELECT "schema_migrations"."version" FROM "schema_migrations" ORDER BY "schema_migrations"."version" ASC[0m
  
ActionController::RoutingError (No route matches [GET] "/login"):
  
Started GET "/auth/login" for ::1 at 2021-03-22 09:42:05 -0500
  
ActionController::RoutingError (No route matches [GET] "/auth/login"):
  
Started GET "/users/login" for ::1 at 2021-03-22 09:42:46 -0500
  
ActionController::RoutingError (No route matches [GET] "/users/login"):
  
Started POST "/auth/login" for ::1 at 2021-03-22 09:43:06 -0500
Processing by UsersController#login as */*
  [1m[36mUser Load (37.0ms)[0m  [1m[34mSELECT "users".* FROM "users" WHERE "users"."email" IS NULL LIMIT $1[0m  [["LIMIT", 1]]
  ↳ app/auth/authenticate_user.rb:19:in `user'
Completed 401 Unauthorized in 267ms (Views: 10.1ms | ActiveRecord: 108.8ms | Allocations: 2679)


Started POST "/users/login" for ::1 at 2021-03-22 09:43:50 -0500
  
ActionController::RoutingError (No route matches [POST] "/users/login"):
  
  [1m[36mUser Load (25.0ms)[0m  [1m[34mSELECT "users".* FROM "users"[0m
Started POST "/auth/login" for ::1 at 2021-03-22 09:45:32 -0500
  [1m[35m (13.4ms)[0m  [1m[34mSELECT "schema_migrations"."version" FROM "schema_migrations" ORDER BY "schema_migrations"."version" ASC[0m
Processing by UsersController#login as */*
  [1m[36mUser Load (0.9ms)[0m  [1m[34mSELECT "users".* FROM "users" WHERE "users"."email" IS NULL LIMIT $1[0m  [["LIMIT", 1]]
  ↳ app/auth/authenticate_user.rb:19:in `user'
Completed 401 Unauthorized in 41ms (Views: 0.5ms | ActiveRecord: 3.6ms | Allocations: 5234)


Started POST "/auth/login" for ::1 at 2021-03-22 09:45:41 -0500
Processing by UsersController#login as */*
  [1m[36mUser Load (0.3ms)[0m  [1m[34mSELECT "users".* FROM "users" WHERE "users"."email" IS NULL LIMIT $1[0m  [["LIMIT", 1]]
  ↳ app/auth/authenticate_user.rb:19:in `user'
Completed 401 Unauthorized in 4ms (Views: 0.3ms | ActiveRecord: 0.3ms | Allocations: 700)


Started POST "/auth/login?email=jamezjaz@gmail.com&password=[FILTERED]" for ::1 at 2021-03-22 09:46:19 -0500
Processing by UsersController#login as */*
  Parameters: {"email"=>"jamezjaz@gmail.com", "password"=>"[FILTERED]"}
  [1m[36mUser Load (0.4ms)[0m  [1m[34mSELECT "users".* FROM "users" WHERE "users"."email" = $1 LIMIT $2[0m  [["email", "jamezjaz@gmail.com"], ["LIMIT", 1]]
  ↳ app/auth/authenticate_user.rb:19:in `user'
  [1m[36mCACHE User Load (0.1ms)[0m  [1m[34mSELECT "users".* FROM "users" WHERE "users"."email" = $1 LIMIT $2[0m  [["email", "jamezjaz@gmail.com"], ["LIMIT", 1]]
  ↳ app/auth/authenticate_user.rb:19:in `user'
Completed 200 OK in 674ms (Views: 0.2ms | ActiveRecord: 3.6ms | Allocations: 5500)


Started POST "/auth/login" for ::1 at 2021-03-22 09:47:11 -0500
Processing by UsersController#login as */*
  [1m[36mUser Load (0.8ms)[0m  [1m[34mSELECT "users".* FROM "users" WHERE "users"."email" IS NULL LIMIT $1[0m  [["LIMIT", 1]]
  ↳ app/auth/authenticate_user.rb:19:in `user'
Completed 401 Unauthorized in 5ms (Views: 0.3ms | ActiveRecord: 0.8ms | Allocations: 699)


Started POST "/auth/login" for ::1 at 2021-03-22 09:47:18 -0500
Processing by UsersController#login as */*
  [1m[36mUser Load (0.3ms)[0m  [1m[34mSELECT "users".* FROM "users" WHERE "users"."email" IS NULL LIMIT $1[0m  [["LIMIT", 1]]
  ↳ app/auth/authenticate_user.rb:19:in `user'
Completed 401 Unauthorized in 4ms (Views: 0.2ms | ActiveRecord: 0.3ms | Allocations: 699)


Started POST "/test" for ::1 at 2021-03-22 09:47:55 -0500
  
ActionController::RoutingError (No route matches [POST] "/test"):
  
Started POST "/auth/test" for ::1 at 2021-03-22 09:48:05 -0500
  
ActionController::RoutingError (No route matches [POST] "/auth/test"):
  
Started POST "/test" for ::1 at 2021-03-22 09:49:59 -0500
  
ActionController::RoutingError (No route matches [POST] "/test"):
  
Started GET "/test" for ::1 at 2021-03-22 09:50:17 -0500
Processing by UsersController#test as */*
  [1m[36mUser Load (70.4ms)[0m  [1m[34mSELECT "users".* FROM "users" WHERE "users"."id" = $1 LIMIT $2[0m  [["id", 2], ["LIMIT", 1]]
  ↳ app/auth/authorize_api_request.rb:17:in `user'
Completed 200 OK in 413ms (Views: 0.4ms | ActiveRecord: 70.4ms | Allocations: 1014)


Started GET "/auth/login" for ::1 at 2021-03-22 09:50:35 -0500
  
ActionController::RoutingError (No route matches [GET] "/auth/login"):
  
Started GET "/auth/login" for ::1 at 2021-03-22 09:50:41 -0500
  
ActionController::RoutingError (No route matches [GET] "/auth/login"):
  
Started GET "/auth/login" for ::1 at 2021-03-22 09:50:46 -0500
  
ActionController::RoutingError (No route matches [GET] "/auth/login"):
  
  [1m[36mUser Load (122.2ms)[0m  [1m[34mSELECT "users".* FROM "users"[0m
Started POST "/auth/login" for ::1 at 2021-03-22 11:12:36 -0500
  [1m[35m (26.2ms)[0m  [1m[34mSELECT "schema_migrations"."version" FROM "schema_migrations" ORDER BY "schema_migrations"."version" ASC[0m
Processing by UsersController#login as HTML
  Parameters: {"email"=>"jamezjaz@gmail.com", "password"=>"[FILTERED]", "user"=>{"email"=>"jamezjaz@gmail.com"}}
  [1m[36mUser Load (0.8ms)[0m  [1m[34mSELECT "users".* FROM "users" WHERE "users"."email" = $1 LIMIT $2[0m  [["email", "jamezjaz@gmail.com"], ["LIMIT", 1]]
  ↳ app/auth/authenticate_user.rb:19:in `user'
  [1m[36mCACHE User Load (0.0ms)[0m  [1m[34mSELECT "users".* FROM "users" WHERE "users"."email" = $1 LIMIT $2[0m  [["email", "jamezjaz@gmail.com"], ["LIMIT", 1]]
  ↳ app/auth/authenticate_user.rb:19:in `user'
Completed 200 OK in 620ms (Views: 0.3ms | ActiveRecord: 9.3ms | Allocations: 7676)


Started POST "/auth/login" for ::1 at 2021-03-22 11:12:50 -0500
Processing by UsersController#login as HTML
  Parameters: {"email"=>"jamezjaz@gmail.com", "password"=>"[FILTERED]", "user"=>{"email"=>"jamezjaz@gmail.com"}}
  [1m[36mUser Load (1.0ms)[0m  [1m[34mSELECT "users".* FROM "users" WHERE "users"."email" = $1 LIMIT $2[0m  [["email", "jamezjaz@gmail.com"], ["LIMIT", 1]]
  ↳ app/auth/authenticate_user.rb:19:in `user'
Completed 401 Unauthorized in 290ms (Views: 0.2ms | ActiveRecord: 1.0ms | Allocations: 706)


Started POST "/auth/login" for ::1 at 2021-03-22 11:13:10 -0500
Processing by UsersController#login as HTML
  Parameters: {"email"=>"jamezjz@gmail.com", "password"=>"[FILTERED]", "user"=>{"email"=>"jamezjz@gmail.com"}}
  [1m[36mUser Load (0.6ms)[0m  [1m[34mSELECT "users".* FROM "users" WHERE "users"."email" = $1 LIMIT $2[0m  [["email", "jamezjz@gmail.com"], ["LIMIT", 1]]
  ↳ app/auth/authenticate_user.rb:19:in `user'
Completed 401 Unauthorized in 5ms (Views: 0.3ms | ActiveRecord: 0.6ms | Allocations: 560)


Started POST "/auth/login" for ::1 at 2021-03-22 11:13:29 -0500
Processing by UsersController#login as HTML
  Parameters: {"email"=>"kizitomobile@ng.com", "password"=>"[FILTERED]", "user"=>{"email"=>"kizitomobile@ng.com"}}
  [1m[36mUser Load (0.7ms)[0m  [1m[34mSELECT "users".* FROM "users" WHERE "users"."email" = $1 LIMIT $2[0m  [["email", "kizitomobile@ng.com"], ["LIMIT", 1]]
  ↳ app/auth/authenticate_user.rb:19:in `user'
  [1m[36mCACHE User Load (0.0ms)[0m  [1m[34mSELECT "users".* FROM "users" WHERE "users"."email" = $1 LIMIT $2[0m  [["email", "kizitomobile@ng.com"], ["LIMIT", 1]]
  ↳ app/auth/authenticate_user.rb:19:in `user'
Completed 200 OK in 605ms (Views: 0.2ms | ActiveRecord: 0.7ms | Allocations: 1075)


Started POST "/auth/login" for ::1 at 2021-03-22 11:25:43 -0500
Processing by UsersController#login as HTML
  Parameters: {"email"=>"kizito@gmail.com", "password"=>"[FILTERED]", "user"=>{"email"=>"kizito@gmail.com"}}
  [1m[36mUser Load (1.1ms)[0m  [1m[34mSELECT "users".* FROM "users" WHERE "users"."email" = $1 LIMIT $2[0m  [["email", "kizito@gmail.com"], ["LIMIT", 1]]
  ↳ app/auth/authenticate_user.rb:19:in `user'
Completed 401 Unauthorized in 1722ms (Views: 32.4ms | ActiveRecord: 568.1ms | Allocations: 2589)


Started POST "/auth/login" for ::1 at 2021-03-22 11:25:52 -0500
Processing by UsersController#login as HTML
  Parameters: {"email"=>"kizito@gmail.com", "password"=>"[FILTERED]", "user"=>{"email"=>"kizito@gmail.com"}}
  [1m[36mUser Load (0.3ms)[0m  [1m[34mSELECT "users".* FROM "users" WHERE "users"."email" = $1 LIMIT $2[0m  [["email", "kizito@gmail.com"], ["LIMIT", 1]]
  ↳ app/auth/authenticate_user.rb:19:in `user'
Completed 401 Unauthorized in 3ms (Views: 0.3ms | ActiveRecord: 0.3ms | Allocations: 540)


Started POST "/auth/login" for ::1 at 2021-03-22 11:26:11 -0500
Processing by UsersController#login as HTML
  Parameters: {"email"=>"kizitomobile@ng.com", "password"=>"[FILTERED]", "user"=>{"email"=>"kizitomobile@ng.com"}}
  [1m[36mUser Load (0.3ms)[0m  [1m[34mSELECT "users".* FROM "users" WHERE "users"."email" = $1 LIMIT $2[0m  [["email", "kizitomobile@ng.com"], ["LIMIT", 1]]
  ↳ app/auth/authenticate_user.rb:19:in `user'
  [1m[36mCACHE User Load (0.0ms)[0m  [1m[34mSELECT "users".* FROM "users" WHERE "users"."email" = $1 LIMIT $2[0m  [["email", "kizitomobile@ng.com"], ["LIMIT", 1]]
  ↳ app/auth/authenticate_user.rb:19:in `user'
Completed 200 OK in 654ms (Views: 0.2ms | ActiveRecord: 0.3ms | Allocations: 1051)


Started POST "/auth/register" for ::1 at 2021-03-22 11:30:15 -0500
Processing by UsersController#register as HTML
  Parameters: {"name"=>"Ebube Odufu", "email"=>"ebubejr@gmail.com", "password"=>"[FILTERED]", "passwordConfirmation"=>"[FILTERED]", "user"=>{"name"=>"Ebube Odufu", "email"=>"ebubejr@gmail.com"}}
[31mUnpermitted parameters: :passwordConfirmation, :user[0m
  [1m[36mTRANSACTION (0.7ms)[0m  [1m[35mBEGIN[0m
  ↳ app/controllers/users_controller.rb:19:in `register'
  [1m[36mUser Exists? (0.4ms)[0m  [1m[34mSELECT 1 AS one FROM "users" WHERE "users"."email" = $1 LIMIT $2[0m  [["email", "ebubejr@gmail.com"], ["LIMIT", 1]]
  ↳ app/controllers/users_controller.rb:19:in `register'
  [1m[36mUser Create (213.2ms)[0m  [1m[32mINSERT INTO "users" ("name", "email", "password_digest", "created_at", "updated_at") VALUES ($1, $2, $3, $4, $5) RETURNING "id"[0m  [["name", "Ebube Odufu"], ["email", "ebubejr@gmail.com"], ["password_digest", "$2a$12$SDT8MwXSZsfPOhTJEzdHi.pwFy2dZhLUEK2.JA8g7D1IWmz3EERX."], ["created_at", "2021-03-22 16:30:16.596889"], ["updated_at", "2021-03-22 16:30:16.596889"]]
  ↳ app/controllers/users_controller.rb:19:in `register'
  [1m[36mTRANSACTION (214.8ms)[0m  [1m[35mCOMMIT[0m
  ↳ app/controllers/users_controller.rb:19:in `register'
  [1m[36mTRANSACTION (0.4ms)[0m  [1m[35mBEGIN[0m
  ↳ app/controllers/users_controller.rb:20:in `register'
  [1m[36mUser Exists? (25.9ms)[0m  [1m[34mSELECT 1 AS one FROM "users" WHERE "users"."email" = $1 AND "users"."id" != $2 LIMIT $3[0m  [["email", "ebubejr@gmail.com"], ["id", 3], ["LIMIT", 1]]
  ↳ app/controllers/users_controller.rb:20:in `register'
  [1m[36mTRANSACTION (0.5ms)[0m  [1m[35mCOMMIT[0m
  ↳ app/controllers/users_controller.rb:20:in `register'
Completed 201 Created in 1137ms (Views: 0.3ms | ActiveRecord: 455.9ms | Allocations: 5317)


Started GET "/airlines" for ::1 at 2021-03-22 11:30:17 -0500
  
ActionController::RoutingError (No route matches [GET] "/airlines"):
  
Started GET "/airlines" for ::1 at 2021-03-22 11:30:18 -0500
  
ActionController::RoutingError (No route matches [GET] "/airlines"):
  
Started GET "/airlines" for ::1 at 2021-03-22 11:30:18 -0500
  
ActionController::RoutingError (No route matches [GET] "/airlines"):
  
Started GET "/airlines" for ::1 at 2021-03-22 11:30:18 -0500
  
ActionController::RoutingError (No route matches [GET] "/airlines"):
  
Started GET "/airlines" for ::1 at 2021-03-22 11:30:18 -0500
  
ActionController::RoutingError (No route matches [GET] "/airlines"):
  
Started GET "/airlines" for ::1 at 2021-03-22 11:30:18 -0500
  
ActionController::RoutingError (No route matches [GET] "/airlines"):
  
Started GET "/airlines" for ::1 at 2021-03-22 11:30:18 -0500
  
ActionController::RoutingError (No route matches [GET] "/airlines"):
  
Started GET "/airlines" for ::1 at 2021-03-22 11:30:18 -0500
  
ActionController::RoutingError (No route matches [GET] "/airlines"):
  
Started GET "/airlines" for ::1 at 2021-03-22 11:30:18 -0500
  
ActionController::RoutingError (No route matches [GET] "/airlines"):
  
Started GET "/airlines" for ::1 at 2021-03-22 11:30:18 -0500
  
ActionController::RoutingError (No route matches [GET] "/airlines"):
  
Started GET "/airlines" for ::1 at 2021-03-22 11:30:18 -0500
  
ActionController::RoutingError (No route matches [GET] "/airlines"):
  
Started GET "/airlines" for ::1 at 2021-03-22 11:30:18 -0500
  
ActionController::RoutingError (No route matches [GET] "/airlines"):
  
Started GET "/airlines" for ::1 at 2021-03-22 11:30:18 -0500
  
ActionController::RoutingError (No route matches [GET] "/airlines"):
  
Started GET "/airlines" for ::1 at 2021-03-22 11:30:19 -0500
  
ActionController::RoutingError (No route matches [GET] "/airlines"):
  
Started GET "/airlines" for ::1 at 2021-03-22 11:30:19 -0500
  
ActionController::RoutingError (No route matches [GET] "/airlines"):
  
Started GET "/airlines" for ::1 at 2021-03-22 11:30:19 -0500
  
ActionController::RoutingError (No route matches [GET] "/airlines"):
  
Started GET "/airlines" for ::1 at 2021-03-22 11:30:19 -0500
  
ActionController::RoutingError (No route matches [GET] "/airlines"):
  
Started GET "/airlines" for ::1 at 2021-03-22 11:30:19 -0500
  
ActionController::RoutingError (No route matches [GET] "/airlines"):
  
Started GET "/airlines" for ::1 at 2021-03-22 11:30:19 -0500
  
ActionController::RoutingError (No route matches [GET] "/airlines"):
  
Started GET "/airlines" for ::1 at 2021-03-22 11:30:19 -0500
  
ActionController::RoutingError (No route matches [GET] "/airlines"):
  
Started GET "/airlines" for ::1 at 2021-03-22 11:30:19 -0500
  
ActionController::RoutingError (No route matches [GET] "/airlines"):
  
Started GET "/airlines" for ::1 at 2021-03-22 11:30:19 -0500
  
ActionController::RoutingError (No route matches [GET] "/airlines"):
  
Started GET "/airlines" for ::1 at 2021-03-22 11:30:19 -0500
  
ActionController::RoutingError (No route matches [GET] "/airlines"):
  
Started GET "/airlines" for ::1 at 2021-03-22 11:30:19 -0500
  
ActionController::RoutingError (No route matches [GET] "/airlines"):
  
Started GET "/airlines" for ::1 at 2021-03-22 11:30:19 -0500
  
ActionController::RoutingError (No route matches [GET] "/airlines"):
  
Started GET "/airlines" for ::1 at 2021-03-22 11:30:19 -0500
  
ActionController::RoutingError (No route matches [GET] "/airlines"):
  
Started GET "/airlines" for ::1 at 2021-03-22 11:30:19 -0500
  
ActionController::RoutingError (No route matches [GET] "/airlines"):
  
Started GET "/airlines" for ::1 at 2021-03-22 11:30:19 -0500
  
ActionController::RoutingError (No route matches [GET] "/airlines"):
  
Started GET "/airlines" for ::1 at 2021-03-22 11:30:19 -0500
  
ActionController::RoutingError (No route matches [GET] "/airlines"):
  
Started GET "/airlines" for ::1 at 2021-03-22 11:30:20 -0500
  
ActionController::RoutingError (No route matches [GET] "/airlines"):
  
Started GET "/airlines" for ::1 at 2021-03-22 11:30:20 -0500
  
ActionController::RoutingError (No route matches [GET] "/airlines"):
  
Started GET "/airlines" for ::1 at 2021-03-22 11:30:20 -0500
  
ActionController::RoutingError (No route matches [GET] "/airlines"):
  
Started GET "/airlines" for ::1 at 2021-03-22 11:30:20 -0500
  
ActionController::RoutingError (No route matches [GET] "/airlines"):
  
Started GET "/airlines" for ::1 at 2021-03-22 11:30:20 -0500
  
ActionController::RoutingError (No route matches [GET] "/airlines"):
  
Started GET "/airlines" for ::1 at 2021-03-22 11:30:20 -0500
  
ActionController::RoutingError (No route matches [GET] "/airlines"):
  
Started GET "/airlines" for ::1 at 2021-03-22 11:30:20 -0500
  
ActionController::RoutingError (No route matches [GET] "/airlines"):
  
Started GET "/airlines" for ::1 at 2021-03-22 11:30:20 -0500
  
ActionController::RoutingError (No route matches [GET] "/airlines"):
  
Started GET "/airlines" for ::1 at 2021-03-22 11:30:20 -0500
  
ActionController::RoutingError (No route matches [GET] "/airlines"):
  
Started GET "/airlines" for ::1 at 2021-03-22 11:30:20 -0500
  
ActionController::RoutingError (No route matches [GET] "/airlines"):
  
Started GET "/airlines" for ::1 at 2021-03-22 11:30:20 -0500
  
ActionController::RoutingError (No route matches [GET] "/airlines"):
  
Started GET "/airlines" for ::1 at 2021-03-22 11:30:20 -0500
  
ActionController::RoutingError (No route matches [GET] "/airlines"):
  
Started GET "/airlines" for ::1 at 2021-03-22 11:30:20 -0500
  
ActionController::RoutingError (No route matches [GET] "/airlines"):
  
Started GET "/airlines" for ::1 at 2021-03-22 11:30:20 -0500
  
ActionController::RoutingError (No route matches [GET] "/airlines"):
  
Started GET "/airlines" for ::1 at 2021-03-22 11:30:20 -0500
  
ActionController::RoutingError (No route matches [GET] "/airlines"):
  
Started GET "/airlines" for ::1 at 2021-03-22 11:30:20 -0500
  
ActionController::RoutingError (No route matches [GET] "/airlines"):
  
Started GET "/airlines" for ::1 at 2021-03-22 11:30:21 -0500
  
ActionController::RoutingError (No route matches [GET] "/airlines"):
  
Started GET "/airlines" for ::1 at 2021-03-22 11:30:21 -0500
  
ActionController::RoutingError (No route matches [GET] "/airlines"):
  
Started GET "/airlines" for ::1 at 2021-03-22 11:30:21 -0500
  
ActionController::RoutingError (No route matches [GET] "/airlines"):
  
Started GET "/airlines" for ::1 at 2021-03-22 11:30:21 -0500
  
ActionController::RoutingError (No route matches [GET] "/airlines"):
  
Started GET "/airlines" for ::1 at 2021-03-22 11:30:21 -0500
  
ActionController::RoutingError (No route matches [GET] "/airlines"):
  
Started GET "/airlines" for ::1 at 2021-03-22 11:30:21 -0500
  
ActionController::RoutingError (No route matches [GET] "/airlines"):
  
Started GET "/airlines" for ::1 at 2021-03-22 11:30:21 -0500
  
ActionController::RoutingError (No route matches [GET] "/airlines"):
  
Started GET "/airlines" for ::1 at 2021-03-22 11:30:21 -0500
  
ActionController::RoutingError (No route matches [GET] "/airlines"):
  
Started GET "/airlines" for ::1 at 2021-03-22 11:30:21 -0500
  
ActionController::RoutingError (No route matches [GET] "/airlines"):
  
Started GET "/airlines" for ::1 at 2021-03-22 11:30:21 -0500
  
ActionController::RoutingError (No route matches [GET] "/airlines"):
  
Started GET "/airlines" for ::1 at 2021-03-22 11:30:21 -0500
  
ActionController::RoutingError (No route matches [GET] "/airlines"):
  
Started GET "/airlines" for ::1 at 2021-03-22 11:30:21 -0500
  
ActionController::RoutingError (No route matches [GET] "/airlines"):
  
Started GET "/airlines" for ::1 at 2021-03-22 11:30:21 -0500
  
ActionController::RoutingError (No route matches [GET] "/airlines"):
  
Started GET "/airlines" for ::1 at 2021-03-22 11:30:21 -0500
  
ActionController::RoutingError (No route matches [GET] "/airlines"):
  
Started GET "/airlines" for ::1 at 2021-03-22 11:30:22 -0500
  
ActionController::RoutingError (No route matches [GET] "/airlines"):
  
Started GET "/airlines" for ::1 at 2021-03-22 11:30:22 -0500
  
ActionController::RoutingError (No route matches [GET] "/airlines"):
  
Started GET "/airlines" for ::1 at 2021-03-22 11:30:22 -0500
  
ActionController::RoutingError (No route matches [GET] "/airlines"):
  
Started GET "/airlines" for ::1 at 2021-03-22 11:30:22 -0500
  
ActionController::RoutingError (No route matches [GET] "/airlines"):
  
Started GET "/airlines" for ::1 at 2021-03-22 11:30:22 -0500
  
ActionController::RoutingError (No route matches [GET] "/airlines"):
  
Started GET "/airlines" for ::1 at 2021-03-22 11:30:22 -0500
  
ActionController::RoutingError (No route matches [GET] "/airlines"):
  
Started GET "/airlines" for ::1 at 2021-03-22 11:30:22 -0500
  
ActionController::RoutingError (No route matches [GET] "/airlines"):
  
Started GET "/airlines" for ::1 at 2021-03-22 11:30:22 -0500
  
ActionController::RoutingError (No route matches [GET] "/airlines"):
  
Started GET "/airlines" for ::1 at 2021-03-22 11:30:22 -0500
  
ActionController::RoutingError (No route matches [GET] "/airlines"):
  
Started GET "/airlines" for ::1 at 2021-03-22 11:30:22 -0500
  
ActionController::RoutingError (No route matches [GET] "/airlines"):
  
Started GET "/airlines" for ::1 at 2021-03-22 11:30:22 -0500
  
ActionController::RoutingError (No route matches [GET] "/airlines"):
  
Started GET "/airlines" for ::1 at 2021-03-22 11:30:22 -0500
  
ActionController::RoutingError (No route matches [GET] "/airlines"):
  
Started GET "/airlines" for ::1 at 2021-03-22 11:30:22 -0500
  
ActionController::RoutingError (No route matches [GET] "/airlines"):
  
Started GET "/airlines" for ::1 at 2021-03-22 11:30:22 -0500
  
ActionController::RoutingError (No route matches [GET] "/airlines"):
  
Started GET "/airlines" for ::1 at 2021-03-22 11:30:22 -0500
  
ActionController::RoutingError (No route matches [GET] "/airlines"):
  
Started GET "/airlines" for ::1 at 2021-03-22 11:30:23 -0500
  
ActionController::RoutingError (No route matches [GET] "/airlines"):
  
Started GET "/airlines" for ::1 at 2021-03-22 11:30:23 -0500
  
ActionController::RoutingError (No route matches [GET] "/airlines"):
  
Started GET "/airlines" for ::1 at 2021-03-22 11:30:23 -0500
  
ActionController::RoutingError (No route matches [GET] "/airlines"):
  
Started GET "/airlines" for ::1 at 2021-03-22 11:30:23 -0500
  
ActionController::RoutingError (No route matches [GET] "/airlines"):
  
Started GET "/airlines" for ::1 at 2021-03-22 11:30:23 -0500
  
ActionController::RoutingError (No route matches [GET] "/airlines"):
  
Started GET "/airlines" for ::1 at 2021-03-22 11:30:23 -0500
  
ActionController::RoutingError (No route matches [GET] "/airlines"):
  
Started GET "/airlines" for ::1 at 2021-03-22 11:30:23 -0500
  
ActionController::RoutingError (No route matches [GET] "/airlines"):
  
Started GET "/airlines" for ::1 at 2021-03-22 11:30:23 -0500
  
ActionController::RoutingError (No route matches [GET] "/airlines"):
  
Started GET "/airlines" for ::1 at 2021-03-22 11:30:23 -0500
  
ActionController::RoutingError (No route matches [GET] "/airlines"):
  
Started GET "/airlines" for ::1 at 2021-03-22 11:30:23 -0500
  
ActionController::RoutingError (No route matches [GET] "/airlines"):
  
Started GET "/airlines" for ::1 at 2021-03-22 11:30:23 -0500
  
ActionController::RoutingError (No route matches [GET] "/airlines"):
  
Started GET "/airlines" for ::1 at 2021-03-22 11:30:23 -0500
  
ActionController::RoutingError (No route matches [GET] "/airlines"):
  
Started GET "/airlines" for ::1 at 2021-03-22 11:30:23 -0500
  
ActionController::RoutingError (No route matches [GET] "/airlines"):
  
Started GET "/airlines" for ::1 at 2021-03-22 11:30:24 -0500
  
ActionController::RoutingError (No route matches [GET] "/airlines"):
  
Started GET "/airlines" for ::1 at 2021-03-22 11:30:24 -0500
  
ActionController::RoutingError (No route matches [GET] "/airlines"):
  
Started GET "/airlines" for ::1 at 2021-03-22 11:30:24 -0500
  
ActionController::RoutingError (No route matches [GET] "/airlines"):
  
Started GET "/airlines" for ::1 at 2021-03-22 11:30:24 -0500
  
ActionController::RoutingError (No route matches [GET] "/airlines"):
  
Started GET "/airlines" for ::1 at 2021-03-22 11:30:24 -0500
  
ActionController::RoutingError (No route matches [GET] "/airlines"):
  
Started GET "/airlines" for ::1 at 2021-03-22 11:30:24 -0500
  
ActionController::RoutingError (No route matches [GET] "/airlines"):
  
Started GET "/airlines" for ::1 at 2021-03-22 11:30:24 -0500
  
ActionController::RoutingError (No route matches [GET] "/airlines"):
  
Started GET "/airlines" for ::1 at 2021-03-22 11:30:24 -0500
  
ActionController::RoutingError (No route matches [GET] "/airlines"):
  
Started GET "/airlines" for ::1 at 2021-03-22 11:30:24 -0500
  
ActionController::RoutingError (No route matches [GET] "/airlines"):
  
Started GET "/airlines" for ::1 at 2021-03-22 11:30:24 -0500
  
ActionController::RoutingError (No route matches [GET] "/airlines"):
  
Started GET "/airlines" for ::1 at 2021-03-22 11:30:24 -0500
  
ActionController::RoutingError (No route matches [GET] "/airlines"):
  
Started GET "/airlines" for ::1 at 2021-03-22 11:30:24 -0500
  
ActionController::RoutingError (No route matches [GET] "/airlines"):
  
Started GET "/airlines" for ::1 at 2021-03-22 11:30:24 -0500
  
ActionController::RoutingError (No route matches [GET] "/airlines"):
  
Started GET "/airlines" for ::1 at 2021-03-22 11:30:24 -0500
  
ActionController::RoutingError (No route matches [GET] "/airlines"):
  
Started GET "/airlines" for ::1 at 2021-03-22 11:30:24 -0500
  
ActionController::RoutingError (No route matches [GET] "/airlines"):
  
Started GET "/airlines" for ::1 at 2021-03-22 11:30:24 -0500
  
ActionController::RoutingError (No route matches [GET] "/airlines"):
  
Started GET "/airlines" for ::1 at 2021-03-22 11:30:24 -0500
  
ActionController::RoutingError (No route matches [GET] "/airlines"):
  
Started GET "/airlines" for ::1 at 2021-03-22 11:30:24 -0500
  
ActionController::RoutingError (No route matches [GET] "/airlines"):
  
Started GET "/airlines" for ::1 at 2021-03-22 11:30:25 -0500
  
ActionController::RoutingError (No route matches [GET] "/airlines"):
  
Started GET "/airlines" for ::1 at 2021-03-22 11:30:25 -0500
  
ActionController::RoutingError (No route matches [GET] "/airlines"):
  
Started GET "/airlines" for ::1 at 2021-03-22 11:30:25 -0500
  
ActionController::RoutingError (No route matches [GET] "/airlines"):
  
Started GET "/airlines" for ::1 at 2021-03-22 11:30:25 -0500
  
ActionController::RoutingError (No route matches [GET] "/airlines"):
  
Started GET "/airlines" for ::1 at 2021-03-22 11:30:25 -0500
  
ActionController::RoutingError (No route matches [GET] "/airlines"):
  
Started GET "/airlines" for ::1 at 2021-03-22 11:30:25 -0500
  
ActionController::RoutingError (No route matches [GET] "/airlines"):
  
Started GET "/airlines" for ::1 at 2021-03-22 11:30:25 -0500
  
ActionController::RoutingError (No route matches [GET] "/airlines"):
  
Started GET "/airlines" for ::1 at 2021-03-22 11:30:25 -0500
  
ActionController::RoutingError (No route matches [GET] "/airlines"):
  
Started GET "/airlines" for ::1 at 2021-03-22 11:30:25 -0500
  
ActionController::RoutingError (No route matches [GET] "/airlines"):
  
Started GET "/airlines" for ::1 at 2021-03-22 11:30:25 -0500
  
ActionController::RoutingError (No route matches [GET] "/airlines"):
  
Started GET "/airlines" for ::1 at 2021-03-22 11:30:25 -0500
  
ActionController::RoutingError (No route matches [GET] "/airlines"):
  
Started GET "/airlines" for ::1 at 2021-03-22 11:30:25 -0500
  
ActionController::RoutingError (No route matches [GET] "/airlines"):
  
Started GET "/airlines" for ::1 at 2021-03-22 11:30:25 -0500
  
ActionController::RoutingError (No route matches [GET] "/airlines"):
  
Started GET "/airlines" for ::1 at 2021-03-22 11:30:25 -0500
  
ActionController::RoutingError (No route matches [GET] "/airlines"):
  
Started GET "/airlines" for ::1 at 2021-03-22 11:30:25 -0500
  
ActionController::RoutingError (No route matches [GET] "/airlines"):
  
Started GET "/airlines" for ::1 at 2021-03-22 11:30:25 -0500
  
ActionController::RoutingError (No route matches [GET] "/airlines"):
  
Started GET "/airlines" for ::1 at 2021-03-22 11:30:25 -0500
  
ActionController::RoutingError (No route matches [GET] "/airlines"):
  
Started GET "/airlines" for ::1 at 2021-03-22 11:30:26 -0500
  
ActionController::RoutingError (No route matches [GET] "/airlines"):
  
Started POST "/auth/register" for ::1 at 2021-03-22 11:32:24 -0500
Processing by UsersController#register as HTML
  Parameters: {"name"=>"Ebube Odufu", "email"=>"ebubejr@gmail.com", "password"=>"[FILTERED]", "passwordConfirmation"=>"[FILTERED]", "user"=>{"name"=>"Ebube Odufu", "email"=>"ebubejr@gmail.com"}}
[31mUnpermitted parameters: :passwordConfirmation, :user[0m
  [1m[36mTRANSACTION (0.4ms)[0m  [1m[35mBEGIN[0m
  ↳ app/controllers/users_controller.rb:19:in `register'
  [1m[36mUser Exists? (1.3ms)[0m  [1m[34mSELECT 1 AS one FROM "users" WHERE "users"."email" = $1 LIMIT $2[0m  [["email", "ebubejr@gmail.com"], ["LIMIT", 1]]
  ↳ app/controllers/users_controller.rb:19:in `register'
  [1m[36mTRANSACTION (0.4ms)[0m  [1m[31mROLLBACK[0m
  ↳ app/controllers/users_controller.rb:19:in `register'
  [1m[36mTRANSACTION (0.4ms)[0m  [1m[35mBEGIN[0m
  ↳ app/controllers/users_controller.rb:20:in `register'
  [1m[36mUser Exists? (0.4ms)[0m  [1m[34mSELECT 1 AS one FROM "users" WHERE "users"."email" = $1 LIMIT $2[0m  [["email", "ebubejr@gmail.com"], ["LIMIT", 1]]
  ↳ app/controllers/users_controller.rb:20:in `register'
  [1m[36mTRANSACTION (0.3ms)[0m  [1m[31mROLLBACK[0m
  ↳ app/controllers/users_controller.rb:20:in `register'
Completed 500 Internal Server Error in 350ms (ActiveRecord: 3.1ms | Allocations: 3903)


  
ArgumentError (Unrecognized status code :bad):
  
app/controllers/users_controller.rb:24:in `register'
Started POST "/auth/register" for ::1 at 2021-03-22 11:38:06 -0500
Processing by UsersController#register as HTML
  Parameters: {"name"=>"Ebube Odufu", "email"=>"ebubejr@gmail.com", "password"=>"[FILTERED]", "passwordConfirmation"=>"[FILTERED]", "user"=>{"name"=>"Ebube Odufu", "email"=>"ebubejr@gmail.com"}}
[31mUnpermitted parameters: :passwordConfirmation, :user[0m
  [1m[36mTRANSACTION (0.4ms)[0m  [1m[35mBEGIN[0m
  ↳ app/controllers/users_controller.rb:19:in `register'
  [1m[36mUser Exists? (2.5ms)[0m  [1m[34mSELECT 1 AS one FROM "users" WHERE "users"."email" = $1 LIMIT $2[0m  [["email", "ebubejr@gmail.com"], ["LIMIT", 1]]
  ↳ app/controllers/users_controller.rb:19:in `register'
  [1m[36mTRANSACTION (0.3ms)[0m  [1m[31mROLLBACK[0m
  ↳ app/controllers/users_controller.rb:19:in `register'
  [1m[36mTRANSACTION (0.3ms)[0m  [1m[35mBEGIN[0m
  ↳ app/controllers/users_controller.rb:20:in `register'
  [1m[36mUser Exists? (0.4ms)[0m  [1m[34mSELECT 1 AS one FROM "users" WHERE "users"."email" = $1 LIMIT $2[0m  [["email", "ebubejr@gmail.com"], ["LIMIT", 1]]
  ↳ app/controllers/users_controller.rb:20:in `register'
  [1m[36mTRANSACTION (0.3ms)[0m  [1m[31mROLLBACK[0m
  ↳ app/controllers/users_controller.rb:20:in `register'
Completed 500 Internal Server Error in 744ms (ActiveRecord: 130.7ms | Allocations: 5895)


  
ArgumentError (Unrecognized status code :bad):
  
app/controllers/users_controller.rb:24:in `register'
Started POST "/auth/register" for ::1 at 2021-03-22 11:39:01 -0500
Processing by UsersController#register as HTML
  Parameters: {"name"=>"Ebube Odufu", "email"=>"ebubejr@gmail.com", "password"=>"[FILTERED]", "passwordConfirmation"=>"[FILTERED]", "user"=>{"name"=>"Ebube Odufu", "email"=>"ebubejr@gmail.com"}}
[31mUnpermitted parameters: :passwordConfirmation, :user[0m
  [1m[36mTRANSACTION (0.2ms)[0m  [1m[35mBEGIN[0m
  ↳ app/controllers/users_controller.rb:19:in `register'
  [1m[36mUser Exists? (0.5ms)[0m  [1m[34mSELECT 1 AS one FROM "users" WHERE "users"."email" = $1 LIMIT $2[0m  [["email", "ebubejr@gmail.com"], ["LIMIT", 1]]
  ↳ app/controllers/users_controller.rb:19:in `register'
  [1m[36mTRANSACTION (0.2ms)[0m  [1m[31mROLLBACK[0m
  ↳ app/controllers/users_controller.rb:19:in `register'
  [1m[36mTRANSACTION (0.1ms)[0m  [1m[35mBEGIN[0m
  ↳ app/controllers/users_controller.rb:20:in `register'
  [1m[36mUser Exists? (0.5ms)[0m  [1m[34mSELECT 1 AS one FROM "users" WHERE "users"."email" = $1 LIMIT $2[0m  [["email", "ebubejr@gmail.com"], ["LIMIT", 1]]
  ↳ app/controllers/users_controller.rb:20:in `register'
  [1m[36mTRANSACTION (0.2ms)[0m  [1m[31mROLLBACK[0m
  ↳ app/controllers/users_controller.rb:20:in `register'
Completed 500 Internal Server Error in 302ms (ActiveRecord: 1.8ms | Allocations: 3895)


  
ArgumentError (Unrecognized status code :bad):
  
app/controllers/users_controller.rb:24:in `register'
  [1m[36mUser Load (70.6ms)[0m  [1m[34mSELECT "users".* FROM "users"[0m
Started POST "/auth/login" for ::1 at 2021-03-22 11:42:55 -0500
Processing by UsersController#login as HTML
  Parameters: {"email"=>"ebubejr@gmail.com", "password"=>"[FILTERED]", "user"=>{"email"=>"ebubejr@gmail.com"}}
  [1m[36mUser Load (0.7ms)[0m  [1m[34mSELECT "users".* FROM "users" WHERE "users"."email" = $1 LIMIT $2[0m  [["email", "ebubejr@gmail.com"], ["LIMIT", 1]]
  ↳ app/auth/authenticate_user.rb:19:in `user'
  [1m[36mCACHE User Load (0.0ms)[0m  [1m[34mSELECT "users".* FROM "users" WHERE "users"."email" = $1 LIMIT $2[0m  [["email", "ebubejr@gmail.com"], ["LIMIT", 1]]
  ↳ app/auth/authenticate_user.rb:19:in `user'
Completed 200 OK in 638ms (Views: 0.3ms | ActiveRecord: 1.2ms | Allocations: 1150)


Started POST "/auth/register" for ::1 at 2021-03-22 11:43:55 -0500
Processing by UsersController#register as HTML
  Parameters: {"name"=>"Mupa Nzaphila", "email"=>"mupa@gmail.com", "password"=>"[FILTERED]", "passwordConfirmation"=>"[FILTERED]", "user"=>{"name"=>"Mupa Nzaphila", "email"=>"mupa@gmail.com"}}
[31mUnpermitted parameters: :passwordConfirmation, :user[0m
  [1m[36mTRANSACTION (0.3ms)[0m  [1m[35mBEGIN[0m
  ↳ app/controllers/users_controller.rb:19:in `register'
  [1m[36mUser Exists? (0.5ms)[0m  [1m[34mSELECT 1 AS one FROM "users" WHERE "users"."email" = $1 LIMIT $2[0m  [["email", "mupa@gmail.com"], ["LIMIT", 1]]
  ↳ app/controllers/users_controller.rb:19:in `register'
  [1m[36mUser Create (116.6ms)[0m  [1m[32mINSERT INTO "users" ("name", "email", "password_digest", "created_at", "updated_at") VALUES ($1, $2, $3, $4, $5) RETURNING "id"[0m  [["name", "Mupa Nzaphila"], ["email", "mupa@gmail.com"], ["password_digest", "$2a$12$Z94jou9A9hDmq1kyYAGo6u8wGzrc/RpclOpJfnhYcWodru2YvCkAy"], ["created_at", "2021-03-22 16:43:55.489089"], ["updated_at", "2021-03-22 16:43:55.489089"]]
  ↳ app/controllers/users_controller.rb:19:in `register'
  [1m[36mTRANSACTION (16.4ms)[0m  [1m[35mCOMMIT[0m
  ↳ app/controllers/users_controller.rb:19:in `register'
  [1m[36mTRANSACTION (0.3ms)[0m  [1m[35mBEGIN[0m
  ↳ app/controllers/users_controller.rb:20:in `register'
  [1m[36mUser Exists? (1.0ms)[0m  [1m[34mSELECT 1 AS one FROM "users" WHERE "users"."email" = $1 AND "users"."id" != $2 LIMIT $3[0m  [["email", "mupa@gmail.com"], ["id", 4], ["LIMIT", 1]]
  ↳ app/controllers/users_controller.rb:20:in `register'
  [1m[36mTRANSACTION (0.3ms)[0m  [1m[35mCOMMIT[0m
  ↳ app/controllers/users_controller.rb:20:in `register'
Completed 201 Created in 442ms (Views: 0.3ms | ActiveRecord: 135.4ms | Allocations: 4385)


  [1m[36mUser Load (1.0ms)[0m  [1m[34mSELECT "users".* FROM "users"[0m
Started POST "/auth/login" for ::1 at 2021-03-22 12:06:21 -0500
Started GET "/airlines" for ::1 at 2021-03-22 12:06:21 -0500
Processing by UsersController#login as HTML
  
ActionController::RoutingError (No route matches [GET] "/airlines"):
  
  Parameters: {"email"=>"ebubejr@gmail.com", "password"=>"[FILTERED]", "user"=>{"email"=>"ebubejr@gmail.com"}}
  [1m[36mUser Load (0.5ms)[0m  [1m[34mSELECT "users".* FROM "users" WHERE "users"."email" = $1 LIMIT $2[0m  [["email", "ebubejr@gmail.com"], ["LIMIT", 1]]
  ↳ app/auth/authenticate_user.rb:19:in `user'
Completed 401 Unauthorized in 2447ms (Views: 15.5ms | ActiveRecord: 1014.9ms | Allocations: 18255)


Started GET "/airlines" for ::1 at 2021-03-22 12:06:24 -0500
  
ActionController::RoutingError (No route matches [GET] "/airlines"):
  
Started GET "/airlines" for ::1 at 2021-03-22 12:06:24 -0500
  
ActionController::RoutingError (No route matches [GET] "/airlines"):
  
Started GET "/airlines" for ::1 at 2021-03-22 12:06:24 -0500
  
ActionController::RoutingError (No route matches [GET] "/airlines"):
  
Started GET "/airlines" for ::1 at 2021-03-22 12:06:25 -0500
  
ActionController::RoutingError (No route matches [GET] "/airlines"):
  
Started GET "/airlines" for ::1 at 2021-03-22 12:06:25 -0500
  
ActionController::RoutingError (No route matches [GET] "/airlines"):
  
Started GET "/airlines" for ::1 at 2021-03-22 12:06:25 -0500
  
ActionController::RoutingError (No route matches [GET] "/airlines"):
  
Started GET "/airlines" for ::1 at 2021-03-22 12:06:25 -0500
  
ActionController::RoutingError (No route matches [GET] "/airlines"):
  
Started GET "/airlines" for ::1 at 2021-03-22 12:06:25 -0500
  
ActionController::RoutingError (No route matches [GET] "/airlines"):
  
Started GET "/airlines" for ::1 at 2021-03-22 12:06:25 -0500
  
ActionController::RoutingError (No route matches [GET] "/airlines"):
  
Started GET "/airlines" for ::1 at 2021-03-22 12:06:25 -0500
  
ActionController::RoutingError (No route matches [GET] "/airlines"):
  
Started GET "/airlines" for ::1 at 2021-03-22 12:06:25 -0500
  
ActionController::RoutingError (No route matches [GET] "/airlines"):
  
Started GET "/airlines" for ::1 at 2021-03-22 12:06:25 -0500
  
ActionController::RoutingError (No route matches [GET] "/airlines"):
  
Started GET "/airlines" for ::1 at 2021-03-22 12:06:25 -0500
  
ActionController::RoutingError (No route matches [GET] "/airlines"):
  
Started GET "/airlines" for ::1 at 2021-03-22 12:06:25 -0500
  
ActionController::RoutingError (No route matches [GET] "/airlines"):
  
Started GET "/airlines" for ::1 at 2021-03-22 12:06:25 -0500
  
ActionController::RoutingError (No route matches [GET] "/airlines"):
  
Started GET "/airlines" for ::1 at 2021-03-22 12:06:25 -0500
  
ActionController::RoutingError (No route matches [GET] "/airlines"):
  
Started GET "/airlines" for ::1 at 2021-03-22 12:06:25 -0500
  
ActionController::RoutingError (No route matches [GET] "/airlines"):
  
Started GET "/airlines" for ::1 at 2021-03-22 12:06:25 -0500
  
ActionController::RoutingError (No route matches [GET] "/airlines"):
  
Started GET "/airlines" for ::1 at 2021-03-22 12:06:25 -0500
  
ActionController::RoutingError (No route matches [GET] "/airlines"):
  
Started GET "/airlines" for ::1 at 2021-03-22 12:06:25 -0500
  
ActionController::RoutingError (No route matches [GET] "/airlines"):
  
Started GET "/airlines" for ::1 at 2021-03-22 12:06:25 -0500
  
ActionController::RoutingError (No route matches [GET] "/airlines"):
  
Started GET "/airlines" for ::1 at 2021-03-22 12:06:25 -0500
  
ActionController::RoutingError (No route matches [GET] "/airlines"):
  
Started GET "/airlines" for ::1 at 2021-03-22 12:06:26 -0500
  
ActionController::RoutingError (No route matches [GET] "/airlines"):
  
Started GET "/airlines" for ::1 at 2021-03-22 12:06:26 -0500
  
ActionController::RoutingError (No route matches [GET] "/airlines"):
  
Started GET "/airlines" for ::1 at 2021-03-22 12:06:26 -0500
  
ActionController::RoutingError (No route matches [GET] "/airlines"):
  
Started GET "/airlines" for ::1 at 2021-03-22 12:06:26 -0500
  
ActionController::RoutingError (No route matches [GET] "/airlines"):
  
Started GET "/airlines" for ::1 at 2021-03-22 12:06:26 -0500
  
ActionController::RoutingError (No route matches [GET] "/airlines"):
  
Started GET "/airlines" for ::1 at 2021-03-22 12:06:26 -0500
  
ActionController::RoutingError (No route matches [GET] "/airlines"):
  
Started GET "/airlines" for ::1 at 2021-03-22 12:06:26 -0500
  
ActionController::RoutingError (No route matches [GET] "/airlines"):
  
Started GET "/airlines" for ::1 at 2021-03-22 12:06:26 -0500
  
ActionController::RoutingError (No route matches [GET] "/airlines"):
  
Started GET "/airlines" for ::1 at 2021-03-22 12:06:26 -0500
  
ActionController::RoutingError (No route matches [GET] "/airlines"):
  
Started GET "/airlines" for ::1 at 2021-03-22 12:06:26 -0500
  
ActionController::RoutingError (No route matches [GET] "/airlines"):
  
Started GET "/airlines" for ::1 at 2021-03-22 12:06:26 -0500
  
ActionController::RoutingError (No route matches [GET] "/airlines"):
  
Started GET "/airlines" for ::1 at 2021-03-22 12:06:26 -0500
  
ActionController::RoutingError (No route matches [GET] "/airlines"):
  
Started GET "/airlines" for ::1 at 2021-03-22 12:06:26 -0500
  
ActionController::RoutingError (No route matches [GET] "/airlines"):
  
Started GET "/airlines" for ::1 at 2021-03-22 12:06:26 -0500
  
ActionController::RoutingError (No route matches [GET] "/airlines"):
  
Started GET "/airlines" for ::1 at 2021-03-22 12:06:26 -0500
  
ActionController::RoutingError (No route matches [GET] "/airlines"):
  
Started GET "/airlines" for ::1 at 2021-03-22 12:06:26 -0500
  
ActionController::RoutingError (No route matches [GET] "/airlines"):
  
Started GET "/airlines" for ::1 at 2021-03-22 12:06:26 -0500
  
ActionController::RoutingError (No route matches [GET] "/airlines"):
  
Started GET "/airlines" for ::1 at 2021-03-22 12:06:26 -0500
  
ActionController::RoutingError (No route matches [GET] "/airlines"):
  
Started GET "/airlines" for ::1 at 2021-03-22 12:06:27 -0500
  
ActionController::RoutingError (No route matches [GET] "/airlines"):
  
Started GET "/airlines" for ::1 at 2021-03-22 12:06:27 -0500
  
ActionController::RoutingError (No route matches [GET] "/airlines"):
  
Started GET "/airlines" for ::1 at 2021-03-22 12:06:27 -0500
  
ActionController::RoutingError (No route matches [GET] "/airlines"):
  
Started GET "/airlines" for ::1 at 2021-03-22 12:06:27 -0500
  
ActionController::RoutingError (No route matches [GET] "/airlines"):
  
Started GET "/airlines" for ::1 at 2021-03-22 12:06:27 -0500
  
ActionController::RoutingError (No route matches [GET] "/airlines"):
  
Started GET "/airlines" for ::1 at 2021-03-22 12:06:27 -0500
  
ActionController::RoutingError (No route matches [GET] "/airlines"):
  
Started GET "/airlines" for ::1 at 2021-03-22 12:06:27 -0500
  
ActionController::RoutingError (No route matches [GET] "/airlines"):
  
Started GET "/airlines" for ::1 at 2021-03-22 12:06:27 -0500
  
ActionController::RoutingError (No route matches [GET] "/airlines"):
  
Started GET "/airlines" for ::1 at 2021-03-22 12:06:27 -0500
  
ActionController::RoutingError (No route matches [GET] "/airlines"):
  
Started GET "/airlines" for ::1 at 2021-03-22 12:06:27 -0500
  
ActionController::RoutingError (No route matches [GET] "/airlines"):
  
Started GET "/airlines" for ::1 at 2021-03-22 12:06:27 -0500
  
ActionController::RoutingError (No route matches [GET] "/airlines"):
  
Started GET "/airlines" for ::1 at 2021-03-22 12:06:27 -0500
  
ActionController::RoutingError (No route matches [GET] "/airlines"):
  
Started GET "/airlines" for ::1 at 2021-03-22 12:06:27 -0500
  
ActionController::RoutingError (No route matches [GET] "/airlines"):
  
Started GET "/airlines" for ::1 at 2021-03-22 12:06:28 -0500
  
ActionController::RoutingError (No route matches [GET] "/airlines"):
  
Started GET "/airlines" for ::1 at 2021-03-22 12:06:28 -0500
  
ActionController::RoutingError (No route matches [GET] "/airlines"):
  
Started GET "/airlines" for ::1 at 2021-03-22 12:06:28 -0500
  
ActionController::RoutingError (No route matches [GET] "/airlines"):
  
Started GET "/airlines" for ::1 at 2021-03-22 12:06:28 -0500
  
ActionController::RoutingError (No route matches [GET] "/airlines"):
  
Started GET "/airlines" for ::1 at 2021-03-22 12:06:28 -0500
  
ActionController::RoutingError (No route matches [GET] "/airlines"):
  
Started GET "/airlines" for ::1 at 2021-03-22 12:06:28 -0500
  
ActionController::RoutingError (No route matches [GET] "/airlines"):
  
Started GET "/airlines" for ::1 at 2021-03-22 12:06:28 -0500
  
ActionController::RoutingError (No route matches [GET] "/airlines"):
  
Started GET "/airlines" for ::1 at 2021-03-22 12:06:28 -0500
  
ActionController::RoutingError (No route matches [GET] "/airlines"):
  
Started GET "/airlines" for ::1 at 2021-03-22 12:06:28 -0500
  
ActionController::RoutingError (No route matches [GET] "/airlines"):
  
Started GET "/airlines" for ::1 at 2021-03-22 12:06:28 -0500
  
ActionController::RoutingError (No route matches [GET] "/airlines"):
  
Started GET "/airlines" for ::1 at 2021-03-22 12:06:28 -0500
  
ActionController::RoutingError (No route matches [GET] "/airlines"):
  
Started GET "/airlines" for ::1 at 2021-03-22 12:06:28 -0500
  
ActionController::RoutingError (No route matches [GET] "/airlines"):
  
Started GET "/airlines" for ::1 at 2021-03-22 12:06:28 -0500
  
ActionController::RoutingError (No route matches [GET] "/airlines"):
  
Started GET "/airlines" for ::1 at 2021-03-22 12:06:28 -0500
  
ActionController::RoutingError (No route matches [GET] "/airlines"):
  
Started GET "/airlines" for ::1 at 2021-03-22 12:06:28 -0500
  
ActionController::RoutingError (No route matches [GET] "/airlines"):
  
Started GET "/airlines" for ::1 at 2021-03-22 12:06:29 -0500
  
ActionController::RoutingError (No route matches [GET] "/airlines"):
  
Started GET "/airlines" for ::1 at 2021-03-22 12:06:29 -0500
  
ActionController::RoutingError (No route matches [GET] "/airlines"):
  
Started GET "/airlines" for ::1 at 2021-03-22 12:06:29 -0500
  
ActionController::RoutingError (No route matches [GET] "/airlines"):
  
Started GET "/airlines" for ::1 at 2021-03-22 12:06:29 -0500
  
ActionController::RoutingError (No route matches [GET] "/airlines"):
  
Started GET "/airlines" for ::1 at 2021-03-22 12:06:29 -0500
  
ActionController::RoutingError (No route matches [GET] "/airlines"):
  
Started GET "/airlines" for ::1 at 2021-03-22 12:06:29 -0500
  
ActionController::RoutingError (No route matches [GET] "/airlines"):
  
Started GET "/airlines" for ::1 at 2021-03-22 12:06:29 -0500
  
ActionController::RoutingError (No route matches [GET] "/airlines"):
  
Started GET "/airlines" for ::1 at 2021-03-22 12:06:29 -0500
  
ActionController::RoutingError (No route matches [GET] "/airlines"):
  
Started GET "/airlines" for ::1 at 2021-03-22 12:06:29 -0500
  
ActionController::RoutingError (No route matches [GET] "/airlines"):
  
Started GET "/airlines" for ::1 at 2021-03-22 12:06:29 -0500
  
ActionController::RoutingError (No route matches [GET] "/airlines"):
  
Started GET "/airlines" for ::1 at 2021-03-22 12:06:29 -0500
  
ActionController::RoutingError (No route matches [GET] "/airlines"):
  
Started GET "/airlines" for ::1 at 2021-03-22 12:06:29 -0500
  
ActionController::RoutingError (No route matches [GET] "/airlines"):
  
Started GET "/airlines" for ::1 at 2021-03-22 12:06:29 -0500
  
ActionController::RoutingError (No route matches [GET] "/airlines"):
  
Started GET "/airlines" for ::1 at 2021-03-22 12:06:29 -0500
  
ActionController::RoutingError (No route matches [GET] "/airlines"):
  
Started GET "/airlines" for ::1 at 2021-03-22 12:06:29 -0500
  
ActionController::RoutingError (No route matches [GET] "/airlines"):
  
Started GET "/airlines" for ::1 at 2021-03-22 12:06:29 -0500
  
ActionController::RoutingError (No route matches [GET] "/airlines"):
  
Started GET "/airlines" for ::1 at 2021-03-22 12:06:29 -0500
  
ActionController::RoutingError (No route matches [GET] "/airlines"):
  
Started GET "/airlines" for ::1 at 2021-03-22 12:06:30 -0500
  
ActionController::RoutingError (No route matches [GET] "/airlines"):
  
Started GET "/airlines" for ::1 at 2021-03-22 12:06:30 -0500
  
ActionController::RoutingError (No route matches [GET] "/airlines"):
  
Started GET "/airlines" for ::1 at 2021-03-22 12:06:30 -0500
  
ActionController::RoutingError (No route matches [GET] "/airlines"):
  
Started GET "/airlines" for ::1 at 2021-03-22 12:06:30 -0500
  
ActionController::RoutingError (No route matches [GET] "/airlines"):
  
Started GET "/airlines" for ::1 at 2021-03-22 12:06:30 -0500
  
ActionController::RoutingError (No route matches [GET] "/airlines"):
  
Started GET "/airlines" for ::1 at 2021-03-22 12:06:30 -0500
  
ActionController::RoutingError (No route matches [GET] "/airlines"):
  
Started GET "/airlines" for ::1 at 2021-03-22 12:06:30 -0500
  
ActionController::RoutingError (No route matches [GET] "/airlines"):
  
Started GET "/airlines" for ::1 at 2021-03-22 12:06:30 -0500
  
ActionController::RoutingError (No route matches [GET] "/airlines"):
  
Started GET "/airlines" for ::1 at 2021-03-22 12:06:30 -0500
  
ActionController::RoutingError (No route matches [GET] "/airlines"):
  
Started GET "/airlines" for ::1 at 2021-03-22 12:06:30 -0500
  
ActionController::RoutingError (No route matches [GET] "/airlines"):
  
Started GET "/airlines" for ::1 at 2021-03-22 12:06:30 -0500
  
ActionController::RoutingError (No route matches [GET] "/airlines"):
  
Started GET "/airlines" for ::1 at 2021-03-22 12:06:30 -0500
  
ActionController::RoutingError (No route matches [GET] "/airlines"):
  
Started GET "/airlines" for ::1 at 2021-03-22 12:06:30 -0500
  
ActionController::RoutingError (No route matches [GET] "/airlines"):
  
Started GET "/airlines" for ::1 at 2021-03-22 12:06:30 -0500
  
ActionController::RoutingError (No route matches [GET] "/airlines"):
  
Started GET "/airlines" for ::1 at 2021-03-22 12:06:30 -0500
  
ActionController::RoutingError (No route matches [GET] "/airlines"):
  
Started GET "/airlines" for ::1 at 2021-03-22 12:06:30 -0500
  
ActionController::RoutingError (No route matches [GET] "/airlines"):
  
Started GET "/airlines" for ::1 at 2021-03-22 12:06:31 -0500
  
ActionController::RoutingError (No route matches [GET] "/airlines"):
  
Started GET "/airlines" for ::1 at 2021-03-22 12:06:31 -0500
  
ActionController::RoutingError (No route matches [GET] "/airlines"):
  
Started GET "/airlines" for ::1 at 2021-03-22 12:06:31 -0500
  
ActionController::RoutingError (No route matches [GET] "/airlines"):
  
Started GET "/airlines" for ::1 at 2021-03-22 12:06:31 -0500
  
ActionController::RoutingError (No route matches [GET] "/airlines"):
  
Started GET "/airlines" for ::1 at 2021-03-22 12:06:31 -0500
  
ActionController::RoutingError (No route matches [GET] "/airlines"):
  
Started GET "/airlines" for ::1 at 2021-03-22 12:06:31 -0500
  
ActionController::RoutingError (No route matches [GET] "/airlines"):
  
Started GET "/airlines" for ::1 at 2021-03-22 12:06:31 -0500
  
ActionController::RoutingError (No route matches [GET] "/airlines"):
  
Started GET "/airlines" for ::1 at 2021-03-22 12:06:31 -0500
  
ActionController::RoutingError (No route matches [GET] "/airlines"):
  
Started GET "/airlines" for ::1 at 2021-03-22 12:06:31 -0500
  
ActionController::RoutingError (No route matches [GET] "/airlines"):
  
Started GET "/airlines" for ::1 at 2021-03-22 12:06:31 -0500
  
ActionController::RoutingError (No route matches [GET] "/airlines"):
  
Started GET "/airlines" for ::1 at 2021-03-22 12:06:31 -0500
  
ActionController::RoutingError (No route matches [GET] "/airlines"):
  
Started GET "/airlines" for ::1 at 2021-03-22 12:06:31 -0500
  
ActionController::RoutingError (No route matches [GET] "/airlines"):
  
Started GET "/airlines" for ::1 at 2021-03-22 12:06:31 -0500
  
ActionController::RoutingError (No route matches [GET] "/airlines"):
  
Started GET "/airlines" for ::1 at 2021-03-22 12:06:31 -0500
  
ActionController::RoutingError (No route matches [GET] "/airlines"):
  
Started GET "/airlines" for ::1 at 2021-03-22 12:06:32 -0500
  
ActionController::RoutingError (No route matches [GET] "/airlines"):
  
Started GET "/airlines" for ::1 at 2021-03-22 12:06:32 -0500
  
ActionController::RoutingError (No route matches [GET] "/airlines"):
  
Started GET "/airlines" for ::1 at 2021-03-22 12:06:32 -0500
  
ActionController::RoutingError (No route matches [GET] "/airlines"):
  
Started GET "/airlines" for ::1 at 2021-03-22 12:06:32 -0500
  
ActionController::RoutingError (No route matches [GET] "/airlines"):
  
Started GET "/airlines" for ::1 at 2021-03-22 12:06:32 -0500
  
ActionController::RoutingError (No route matches [GET] "/airlines"):
  
Started GET "/airlines" for ::1 at 2021-03-22 12:06:32 -0500
  
ActionController::RoutingError (No route matches [GET] "/airlines"):
  
Started GET "/airlines" for ::1 at 2021-03-22 12:06:32 -0500
  
ActionController::RoutingError (No route matches [GET] "/airlines"):
  
Started GET "/airlines" for ::1 at 2021-03-22 12:06:32 -0500
  
ActionController::RoutingError (No route matches [GET] "/airlines"):
  
Started GET "/airlines" for ::1 at 2021-03-22 12:06:32 -0500
  
ActionController::RoutingError (No route matches [GET] "/airlines"):
  
Started GET "/airlines" for ::1 at 2021-03-22 12:06:32 -0500
  
ActionController::RoutingError (No route matches [GET] "/airlines"):
  
Started GET "/airlines" for ::1 at 2021-03-22 12:06:32 -0500
  
ActionController::RoutingError (No route matches [GET] "/airlines"):
  
Started GET "/airlines" for ::1 at 2021-03-22 12:06:32 -0500
  
ActionController::RoutingError (No route matches [GET] "/airlines"):
  
Started GET "/airlines" for ::1 at 2021-03-22 12:06:32 -0500
  
ActionController::RoutingError (No route matches [GET] "/airlines"):
  
Started GET "/airlines" for ::1 at 2021-03-22 12:06:32 -0500
  
ActionController::RoutingError (No route matches [GET] "/airlines"):
  
Started GET "/airlines" for ::1 at 2021-03-22 12:06:32 -0500
  
ActionController::RoutingError (No route matches [GET] "/airlines"):
  
Started GET "/airlines" for ::1 at 2021-03-22 12:06:32 -0500
  
ActionController::RoutingError (No route matches [GET] "/airlines"):
  
Started GET "/airlines" for ::1 at 2021-03-22 12:06:32 -0500
  
ActionController::RoutingError (No route matches [GET] "/airlines"):
  
Started GET "/airlines" for ::1 at 2021-03-22 12:06:33 -0500
  
ActionController::RoutingError (No route matches [GET] "/airlines"):
  
Started GET "/airlines" for ::1 at 2021-03-22 12:06:33 -0500
  
ActionController::RoutingError (No route matches [GET] "/airlines"):
  
Started GET "/airlines" for ::1 at 2021-03-22 12:06:33 -0500
  
ActionController::RoutingError (No route matches [GET] "/airlines"):
  
Started GET "/airlines" for ::1 at 2021-03-22 12:06:33 -0500
  
ActionController::RoutingError (No route matches [GET] "/airlines"):
  
Started GET "/airlines" for ::1 at 2021-03-22 12:06:33 -0500
  
ActionController::RoutingError (No route matches [GET] "/airlines"):
  
Started GET "/airlines" for ::1 at 2021-03-22 12:06:33 -0500
  
ActionController::RoutingError (No route matches [GET] "/airlines"):
  
Started GET "/airlines" for ::1 at 2021-03-22 12:06:33 -0500
  
ActionController::RoutingError (No route matches [GET] "/airlines"):
  
Started GET "/airlines" for ::1 at 2021-03-22 12:06:33 -0500
  
ActionController::RoutingError (No route matches [GET] "/airlines"):
  
Started GET "/airlines" for ::1 at 2021-03-22 12:06:33 -0500
  
ActionController::RoutingError (No route matches [GET] "/airlines"):
  
Started GET "/airlines" for ::1 at 2021-03-22 12:06:33 -0500
  
ActionController::RoutingError (No route matches [GET] "/airlines"):
  
Started GET "/airlines" for ::1 at 2021-03-22 12:06:33 -0500
  
ActionController::RoutingError (No route matches [GET] "/airlines"):
  
Started GET "/airlines" for ::1 at 2021-03-22 12:06:33 -0500
  
ActionController::RoutingError (No route matches [GET] "/airlines"):
  
Started GET "/airlines" for ::1 at 2021-03-22 12:06:33 -0500
  
ActionController::RoutingError (No route matches [GET] "/airlines"):
  
Started GET "/airlines" for ::1 at 2021-03-22 12:06:33 -0500
  
ActionController::RoutingError (No route matches [GET] "/airlines"):
  
Started GET "/airlines" for ::1 at 2021-03-22 12:06:33 -0500
  
ActionController::RoutingError (No route matches [GET] "/airlines"):
  
Started GET "/airlines" for ::1 at 2021-03-22 12:06:33 -0500
  
ActionController::RoutingError (No route matches [GET] "/airlines"):
  
Started GET "/airlines" for ::1 at 2021-03-22 12:06:33 -0500
  
ActionController::RoutingError (No route matches [GET] "/airlines"):
  
Started GET "/airlines" for ::1 at 2021-03-22 12:06:34 -0500
  
ActionController::RoutingError (No route matches [GET] "/airlines"):
  
Started POST "/auth/login" for ::1 at 2021-03-22 12:32:42 -0500
  [1m[35m (53.3ms)[0m  [1m[34mSELECT "schema_migrations"."version" FROM "schema_migrations" ORDER BY "schema_migrations"."version" ASC[0m
Processing by UsersController#login as HTML
  Parameters: {"email"=>"jamezjaz@gmail.com", "password"=>"[FILTERED]", "user"=>{"email"=>"jamezjaz@gmail.com"}}
  [1m[36mUser Load (25.3ms)[0m  [1m[34mSELECT "users".* FROM "users" WHERE "users"."email" = $1 LIMIT $2[0m  [["email", "jamezjaz@gmail.com"], ["LIMIT", 1]]
  ↳ app/auth/authenticate_user.rb:19:in `user'
  [1m[36mCACHE User Load (0.1ms)[0m  [1m[34mSELECT "users".* FROM "users" WHERE "users"."email" = $1 LIMIT $2[0m  [["email", "jamezjaz@gmail.com"], ["LIMIT", 1]]
  ↳ app/auth/authenticate_user.rb:19:in `user'
Completed 200 OK in 965ms (Views: 0.5ms | ActiveRecord: 213.3ms | Allocations: 7677)


Started POST "/auth/login" for ::1 at 2021-03-22 12:32:51 -0500
Processing by UsersController#login as HTML
  Parameters: {"email"=>"ebubejr@gmail.com", "password"=>"[FILTERED]", "user"=>{"email"=>"ebubejr@gmail.com"}}
  [1m[36mUser Load (0.9ms)[0m  [1m[34mSELECT "users".* FROM "users" WHERE "users"."email" = $1 LIMIT $2[0m  [["email", "ebubejr@gmail.com"], ["LIMIT", 1]]
  ↳ app/auth/authenticate_user.rb:19:in `user'
Completed 401 Unauthorized in 294ms (Views: 0.2ms | ActiveRecord: 0.9ms | Allocations: 599)


Started POST "/auth/register" for ::1 at 2021-03-22 12:33:52 -0500
Processing by UsersController#register as HTML
  Parameters: {"name"=>"Lizzy Bizzy", "email"=>"Lizzy@ymail.ca", "password"=>"[FILTERED]", "passwordConfirmation"=>"[FILTERED]", "user"=>{"name"=>"Lizzy Bizzy", "email"=>"Lizzy@ymail.ca"}}
[31mUnpermitted parameters: :passwordConfirmation, :user[0m
  [1m[36mTRANSACTION (0.2ms)[0m  [1m[35mBEGIN[0m
  ↳ app/controllers/users_controller.rb:19:in `register'
  [1m[36mUser Exists? (0.5ms)[0m  [1m[34mSELECT 1 AS one FROM "users" WHERE "users"."email" = $1 LIMIT $2[0m  [["email", "Lizzy@ymail.ca"], ["LIMIT", 1]]
  ↳ app/controllers/users_controller.rb:19:in `register'
  [1m[36mUser Create (48.4ms)[0m  [1m[32mINSERT INTO "users" ("name", "email", "password_digest", "created_at", "updated_at") VALUES ($1, $2, $3, $4, $5) RETURNING "id"[0m  [["name", "Lizzy Bizzy"], ["email", "Lizzy@ymail.ca"], ["password_digest", "$2a$12$0WFUpYeAkcX7JB81OAumaOd0/UkcWP1sI8GSYvh1xYdCNHrOvVotm"], ["created_at", "2021-03-22 17:33:52.355025"], ["updated_at", "2021-03-22 17:33:52.355025"]]
  ↳ app/controllers/users_controller.rb:19:in `register'
  [1m[36mTRANSACTION (47.7ms)[0m  [1m[35mCOMMIT[0m
  ↳ app/controllers/users_controller.rb:19:in `register'
  [1m[36mTRANSACTION (0.4ms)[0m  [1m[35mBEGIN[0m
  ↳ app/controllers/users_controller.rb:20:in `register'
  [1m[36mUser Exists? (1.4ms)[0m  [1m[34mSELECT 1 AS one FROM "users" WHERE "users"."email" = $1 AND "users"."id" != $2 LIMIT $3[0m  [["email", "Lizzy@ymail.ca"], ["id", 5], ["LIMIT", 1]]
  ↳ app/controllers/users_controller.rb:20:in `register'
  [1m[36mTRANSACTION (1.7ms)[0m  [1m[35mCOMMIT[0m
  ↳ app/controllers/users_controller.rb:20:in `register'
Completed 201 Created in 414ms (Views: 0.5ms | ActiveRecord: 100.2ms | Allocations: 4765)


  [1m[36mUser Load (0.6ms)[0m  [1m[34mSELECT "users".* FROM "users"[0m
Started POST "/auth/register" for ::1 at 2021-03-22 12:37:06 -0500
Processing by UsersController#register as HTML
  Parameters: {"name"=>"Ariel Camus", "email"=>"arielC@microverse.us", "password"=>"[FILTERED]", "passwordConfirmation"=>"[FILTERED]", "user"=>{"name"=>"Ariel Camus", "email"=>"arielC@microverse.us"}}
[31mUnpermitted parameters: :passwordConfirmation, :user[0m
  [1m[36mTRANSACTION (0.3ms)[0m  [1m[35mBEGIN[0m
  ↳ app/controllers/users_controller.rb:19:in `register'
  [1m[36mUser Exists? (0.5ms)[0m  [1m[34mSELECT 1 AS one FROM "users" WHERE "users"."email" = $1 LIMIT $2[0m  [["email", "arielC@microverse.us"], ["LIMIT", 1]]
  ↳ app/controllers/users_controller.rb:19:in `register'
  [1m[36mUser Create (0.6ms)[0m  [1m[32mINSERT INTO "users" ("name", "email", "password_digest", "created_at", "updated_at") VALUES ($1, $2, $3, $4, $5) RETURNING "id"[0m  [["name", "Ariel Camus"], ["email", "arielC@microverse.us"], ["password_digest", "$2a$12$Ztuxppg4krIM.9/NicQm6OYMJiI1eSt5zM2EyJ/8TLsGdqwN2fo16"], ["created_at", "2021-03-22 17:37:06.865223"], ["updated_at", "2021-03-22 17:37:06.865223"]]
  ↳ app/controllers/users_controller.rb:19:in `register'
  [1m[36mTRANSACTION (28.8ms)[0m  [1m[35mCOMMIT[0m
  ↳ app/controllers/users_controller.rb:19:in `register'
  [1m[36mTRANSACTION (0.4ms)[0m  [1m[35mBEGIN[0m
  ↳ app/controllers/users_controller.rb:20:in `register'
  [1m[36mUser Exists? (0.6ms)[0m  [1m[34mSELECT 1 AS one FROM "users" WHERE "users"."email" = $1 AND "users"."id" != $2 LIMIT $3[0m  [["email", "arielC@microverse.us"], ["id", 6], ["LIMIT", 1]]
  ↳ app/controllers/users_controller.rb:20:in `register'
  [1m[36mTRANSACTION (0.2ms)[0m  [1m[35mCOMMIT[0m
  ↳ app/controllers/users_controller.rb:20:in `register'
Completed 201 Created in 342ms (Views: 0.2ms | ActiveRecord: 31.3ms | Allocations: 4383)


  [1m[36mUser Load (0.7ms)[0m  [1m[34mSELECT "users".* FROM "users"[0m
  [1m[35m (70.8ms)[0m  [1m[34mSELECT pg_try_advisory_lock(5461111228273612905)[0m
  [1m[35m (1.6ms)[0m  [1m[34mSELECT "schema_migrations"."version" FROM "schema_migrations" ORDER BY "schema_migrations"."version" ASC[0m
Migrating to CreateAirlines (20210322192213)
  [1m[36mTRANSACTION (0.3ms)[0m  [1m[35mBEGIN[0m
  [1m[35m (1059.2ms)[0m  [1m[35mCREATE TABLE "airlines" ("id" bigserial primary key, "name" character varying, "price" decimal, "location" character varying, "description" text, "image" character varying, "created_at" timestamp(6) NOT NULL, "updated_at" timestamp(6) NOT NULL)[0m
  [1m[36mActiveRecord::SchemaMigration Create (0.6ms)[0m  [1m[32mINSERT INTO "schema_migrations" ("version") VALUES ($1) RETURNING "version"[0m  [["version", "20210322192213"]]
  [1m[36mTRANSACTION (37.2ms)[0m  [1m[35mCOMMIT[0m
  [1m[36mActiveRecord::InternalMetadata Load (30.6ms)[0m  [1m[34mSELECT "ar_internal_metadata".* FROM "ar_internal_metadata" WHERE "ar_internal_metadata"."key" = $1 LIMIT $2[0m  [["key", "environment"], ["LIMIT", 1]]
  [1m[35m (1.0ms)[0m  [1m[34mSELECT pg_advisory_unlock(5461111228273612905)[0m
  [1m[35m (1.3ms)[0m  [1m[34mSELECT "schema_migrations"."version" FROM "schema_migrations" ORDER BY "schema_migrations"."version" ASC[0m
  [1m[35m (0.2ms)[0m  [1m[34mSELECT pg_try_advisory_lock(5461111228273612905)[0m
  [1m[35m (1.7ms)[0m  [1m[34mSELECT "schema_migrations"."version" FROM "schema_migrations" ORDER BY "schema_migrations"."version" ASC[0m
Migrating to AddUserIdToAirlines (20210322192825)
  [1m[36mTRANSACTION (0.2ms)[0m  [1m[35mBEGIN[0m
  [1m[35m (0.6ms)[0m  [1m[35mALTER TABLE "airlines" ADD "user_id" integer[0m
  [1m[36mActiveRecord::SchemaMigration Create (0.5ms)[0m  [1m[32mINSERT INTO "schema_migrations" ("version") VALUES ($1) RETURNING "version"[0m  [["version", "20210322192825"]]
  [1m[36mTRANSACTION (116.1ms)[0m  [1m[35mCOMMIT[0m
  [1m[36mActiveRecord::InternalMetadata Load (0.5ms)[0m  [1m[34mSELECT "ar_internal_metadata".* FROM "ar_internal_metadata" WHERE "ar_internal_metadata"."key" = $1 LIMIT $2[0m  [["key", "environment"], ["LIMIT", 1]]
  [1m[35m (0.4ms)[0m  [1m[34mSELECT pg_advisory_unlock(5461111228273612905)[0m
  [1m[35m (1.0ms)[0m  [1m[34mSELECT "schema_migrations"."version" FROM "schema_migrations" ORDER BY "schema_migrations"."version" ASC[0m
